{"C:\\Users\\rubym\\Documents\\full\\frontend\\src\\app\\app.html": {"path":"C:\\Users\\rubym\\Documents\\full\\frontend\\src\\app\\app.html","statementMap":{"0":{"start":{"line":1,"column":0},"end":{"line":1,"column":null}}},"fnMap":{},"branchMap":{},"s":{"0":1},"f":{},"b":{},"meta":{"lastBranch":0,"lastFunction":0,"lastStatement":1,"seen":{"s:1:0:1:Infinity":0}}}
,"C:\\Users\\rubym\\Documents\\full\\frontend\\src\\app\\app.ts": {"path":"C:\\Users\\rubym\\Documents\\full\\frontend\\src\\app\\app.ts","statementMap":{"0":{"start":{"line":12,"column":6},"end":{"line":8,"column":25}},"1":{"start":{"line":13,"column":21},"end":{"line":13,"column":null}},"2":{"start":{"line":12,"column":13},"end":{"line":8,"column":25}},"3":{"start":{"line":15,"column":22},"end":{"line":15,"column":39}},"4":{"start":{"line":18,"column":4},"end":{"line":18,"column":null}},"5":{"start":{"line":22,"column":4},"end":{"line":22,"column":null}},"6":{"start":{"line":12,"column":13},"end":{"line":12,"column":null}},"7":{"start":{"line":12,"column":16},"end":{"line":1,"column":null}},"8":{"start":{"line":12,"column":13},"end":{"line":8,"column":null}}},"fnMap":{"0":{"name":"(anonymous_0)","decl":{"start":{"line":15,"column":2},"end":{"line":15,"column":22}},"loc":{"start":{"line":15,"column":39},"end":{"line":15,"column":null}},"line":15},"1":{"name":"(anonymous_1)","decl":{"start":{"line":17,"column":6},"end":{"line":17,"column":21}},"loc":{"start":{"line":17,"column":21},"end":{"line":19,"column":null}},"line":17},"2":{"name":"(anonymous_2)","decl":{"start":{"line":21,"column":2},"end":{"line":21,"column":8}},"loc":{"start":{"line":21,"column":8},"end":{"line":23,"column":null}},"line":21},"3":{"name":"(anonymous_3)","decl":{"start":{"line":12,"column":16},"end":{"line":12,"column":null}},"loc":{"start":{"line":12,"column":16},"end":{"line":8,"column":24}},"line":12}},"branchMap":{"0":{"loc":{"start":{"line":13,"column":46},"end":{"line":13,"column":null}},"type":"cond-expr","locations":[{"start":{"line":13,"column":46},"end":{"line":13,"column":null}}],"line":13},"1":{"loc":{"start":{"line":12,"column":13},"end":{"line":12,"column":16}},"type":"binary-expr","locations":[{"start":{"line":12,"column":13},"end":{"line":12,"column":16}},{"start":{"line":12,"column":13},"end":{"line":12,"column":16}}],"line":12},"2":{"loc":{"start":{"line":12,"column":16},"end":{"line":1,"column":null}},"type":"if","locations":[{"start":{"line":12,"column":16},"end":{"line":1,"column":null}},{"start":{},"end":{}}],"line":12},"3":{"loc":{"start":{"line":12,"column":13},"end":{"line":8,"column":null}},"type":"binary-expr","locations":[{"start":{"line":12,"column":13},"end":{"line":12,"column":16}},{"start":{"line":12,"column":13},"end":{"line":12,"column":16}},{"start":{"line":12,"column":13},"end":{"line":8,"column":null}}],"line":12},"4":{"loc":{"start":{"line":12,"column":13},"end":{"line":12,"column":null}},"type":"binary-expr","locations":[{"start":{"line":12,"column":13},"end":{"line":12,"column":16}},{"start":{"line":12,"column":13},"end":{"line":12,"column":16}},{"start":{"line":12,"column":13},"end":{"line":12,"column":null}}],"line":12}},"s":{"0":1,"1":1,"2":1,"3":1,"4":0,"5":0,"6":1,"7":1,"8":1},"f":{"0":1,"1":0,"2":0,"3":1},"b":{"0":[1],"1":[1,1],"2":[1,0],"3":[1,1,1],"4":[1,1,1]},"meta":{"lastBranch":5,"lastFunction":4,"lastStatement":9,"seen":{"s:12:6:8:25":0,"s:13:21:13:Infinity":1,"s:12:13:8:25":2,"b:13:46:13:Infinity":0,"f:15:2:15:22":0,"s:15:22:15:39":3,"f:17:6:17:21":1,"s:18:4:18:Infinity":4,"f:21:2:21:8":2,"s:22:4:22:Infinity":5,"s:12:13:12:Infinity":6,"b:12:13:12:16:12:13:12:16":1,"f:12:16:12:Infinity":3,"b:12:16:1:Infinity:undefined:undefined:undefined:undefined":2,"s:12:16:1:Infinity":7,"s:12:13:8:Infinity":8,"b:12:13:12:16:12:13:12:16:12:13:8:Infinity":3,"b:12:13:12:16:12:13:12:16:12:13:12:Infinity":4}}}
,"C:\\Users\\rubym\\Documents\\full\\frontend\\src\\app\\task-assigned.ts": {"path":"C:\\Users\\rubym\\Documents\\full\\frontend\\src\\app\\task-assigned.ts","statementMap":{"0":{"start":{"line":6,"column":6},"end":{"line":4,"column":null}},"1":{"start":{"line":6,"column":13},"end":{"line":4,"column":null}},"2":{"start":{"line":6,"column":13},"end":{"line":6,"column":null}},"3":{"start":{"line":6,"column":13},"end":{"line":5,"column":null}}},"fnMap":{},"branchMap":{"0":{"loc":{"start":{"line":6,"column":13},"end":{"line":6,"column":25}},"type":"binary-expr","locations":[{"start":{"line":6,"column":13},"end":{"line":6,"column":25}},{"start":{"line":6,"column":13},"end":{"line":6,"column":25}}],"line":6},"1":{"loc":{"start":{"line":6,"column":13},"end":{"line":5,"column":null}},"type":"binary-expr","locations":[{"start":{"line":6,"column":13},"end":{"line":6,"column":25}},{"start":{"line":6,"column":13},"end":{"line":6,"column":25}},{"start":{"line":6,"column":13},"end":{"line":5,"column":null}}],"line":6}},"s":{"0":1,"1":1,"2":1,"3":1},"f":{},"b":{"0":[1,1],"1":[1,1,1]},"meta":{"lastBranch":2,"lastFunction":0,"lastStatement":4,"seen":{"s:6:6:4:Infinity":0,"s:6:13:4:Infinity":1,"s:6:13:6:Infinity":2,"b:6:13:6:25:6:13:6:25":0,"s:6:13:5:Infinity":3,"b:6:13:6:25:6:13:6:25:6:13:5:Infinity":1}}}
,"C:\\Users\\rubym\\Documents\\full\\frontend\\src\\app\\auth\\auth.service.ts": {"path":"C:\\Users\\rubym\\Documents\\full\\frontend\\src\\app\\auth\\auth.service.ts","statementMap":{"0":{"start":{"line":15,"column":6},"end":{"line":14,"column":34}},"1":{"start":{"line":17,"column":20},"end":{"line":17,"column":null}},"2":{"start":{"line":20,"column":27},"end":{"line":20,"column":null}},"3":{"start":{"line":21,"column":27},"end":{"line":21,"column":null}},"4":{"start":{"line":22,"column":27},"end":{"line":22,"column":null}},"5":{"start":{"line":23,"column":63},"end":{"line":23,"column":null}},"6":{"start":{"line":24,"column":35},"end":{"line":24,"column":null}},"7":{"start":{"line":25,"column":71},"end":{"line":25,"column":null}},"8":{"start":{"line":28,"column":10},"end":{"line":28,"column":null}},"9":{"start":{"line":34,"column":28},"end":{"line":34,"column":null}},"10":{"start":{"line":39,"column":31},"end":{"line":39,"column":null}},"11":{"start":{"line":40,"column":24},"end":{"line":40,"column":null}},"12":{"start":{"line":15,"column":13},"end":{"line":14,"column":34}},"13":{"start":{"line":42,"column":22},"end":{"line":42,"column":48}},"14":{"start":{"line":42,"column":48},"end":{"line":42,"column":62}},"15":{"start":{"line":43,"column":4},"end":{"line":43,"column":null}},"16":{"start":{"line":47,"column":4},"end":{"line":47,"column":null}},"17":{"start":{"line":51,"column":4},"end":{"line":60,"column":null}},"18":{"start":{"line":52,"column":20},"end":{"line":52,"column":null}},"19":{"start":{"line":53,"column":6},"end":{"line":53,"column":null}},"20":{"start":{"line":53,"column":28},"end":{"line":53,"column":null}},"21":{"start":{"line":55,"column":21},"end":{"line":55,"column":null}},"22":{"start":{"line":56,"column":21},"end":{"line":56,"column":null}},"23":{"start":{"line":57,"column":6},"end":{"line":57,"column":null}},"24":{"start":{"line":59,"column":6},"end":{"line":59,"column":null}},"25":{"start":{"line":64,"column":20},"end":{"line":64,"column":null}},"26":{"start":{"line":65,"column":16},"end":{"line":65,"column":null}},"27":{"start":{"line":66,"column":4},"end":{"line":66,"column":null}},"28":{"start":{"line":66,"column":33},"end":{"line":66,"column":null}},"29":{"start":{"line":67,"column":4},"end":{"line":67,"column":null}},"30":{"start":{"line":71,"column":19},"end":{"line":71,"column":null}},"31":{"start":{"line":72,"column":4},"end":{"line":72,"column":null}},"32":{"start":{"line":72,"column":17},"end":{"line":72,"column":null}},"33":{"start":{"line":73,"column":4},"end":{"line":73,"column":null}},"34":{"start":{"line":77,"column":4},"end":{"line":80,"column":null}},"35":{"start":{"line":78,"column":6},"end":{"line":78,"column":null}},"36":{"start":{"line":79,"column":6},"end":{"line":79,"column":null}},"37":{"start":{"line":84,"column":4},"end":{"line":84,"column":null}},"38":{"start":{"line":85,"column":4},"end":{"line":85,"column":null}},"39":{"start":{"line":85,"column":16},"end":{"line":85,"column":null}},"40":{"start":{"line":87,"column":19},"end":{"line":87,"column":null}},"41":{"start":{"line":88,"column":4},"end":{"line":88,"column":null}},"42":{"start":{"line":88,"column":17},"end":{"line":88,"column":null}},"43":{"start":{"line":90,"column":18},"end":{"line":90,"column":null}},"44":{"start":{"line":91,"column":4},"end":{"line":99,"column":null}},"45":{"start":{"line":92,"column":6},"end":{"line":97,"column":null}},"46":{"start":{"line":94,"column":10},"end":{"line":94,"column":null}},"47":{"start":{"line":95,"column":10},"end":{"line":95,"column":null}},"48":{"start":{"line":98,"column":6},"end":{"line":98,"column":null}},"49":{"start":{"line":101,"column":4},"end":{"line":108,"column":null}},"50":{"start":{"line":102,"column":6},"end":{"line":107,"column":null}},"51":{"start":{"line":104,"column":10},"end":{"line":104,"column":null}},"52":{"start":{"line":105,"column":10},"end":{"line":105,"column":null}},"53":{"start":{"line":112,"column":18},"end":{"line":112,"column":null}},"54":{"start":{"line":113,"column":4},"end":{"line":118,"column":null}},"55":{"start":{"line":114,"column":6},"end":{"line":114,"column":null}},"56":{"start":{"line":115,"column":6},"end":{"line":115,"column":null}},"57":{"start":{"line":116,"column":6},"end":{"line":116,"column":null}},"58":{"start":{"line":117,"column":6},"end":{"line":117,"column":null}},"59":{"start":{"line":120,"column":4},"end":{"line":123,"column":null}},"60":{"start":{"line":121,"column":6},"end":{"line":121,"column":null}},"61":{"start":{"line":122,"column":6},"end":{"line":122,"column":null}},"62":{"start":{"line":125,"column":4},"end":{"line":125,"column":null}},"63":{"start":{"line":126,"column":4},"end":{"line":126,"column":null}},"64":{"start":{"line":127,"column":4},"end":{"line":127,"column":null}},"65":{"start":{"line":135,"column":18},"end":{"line":135,"column":null}},"66":{"start":{"line":136,"column":4},"end":{"line":136,"column":null}},"67":{"start":{"line":136,"column":16},"end":{"line":136,"column":null}},"68":{"start":{"line":138,"column":4},"end":{"line":141,"column":null}},"69":{"start":{"line":139,"column":6},"end":{"line":139,"column":null}},"70":{"start":{"line":140,"column":6},"end":{"line":140,"column":null}},"71":{"start":{"line":143,"column":4},"end":{"line":143,"column":null}},"72":{"start":{"line":152,"column":23},"end":{"line":152,"column":null}},"73":{"start":{"line":154,"column":4},"end":{"line":169,"column":null}},"74":{"start":{"line":155,"column":6},"end":{"line":163,"column":null}},"75":{"start":{"line":156,"column":8},"end":{"line":156,"column":null}},"76":{"start":{"line":157,"column":8},"end":{"line":157,"column":null}},"77":{"start":{"line":158,"column":8},"end":{"line":158,"column":null}},"78":{"start":{"line":160,"column":8},"end":{"line":160,"column":null}},"79":{"start":{"line":161,"column":8},"end":{"line":161,"column":null}},"80":{"start":{"line":162,"column":8},"end":{"line":162,"column":null}},"81":{"start":{"line":165,"column":6},"end":{"line":165,"column":null}},"82":{"start":{"line":166,"column":6},"end":{"line":166,"column":null}},"83":{"start":{"line":167,"column":6},"end":{"line":167,"column":null}},"84":{"start":{"line":168,"column":6},"end":{"line":168,"column":null}},"85":{"start":{"line":171,"column":4},"end":{"line":171,"column":null}},"86":{"start":{"line":172,"column":4},"end":{"line":172,"column":null}},"87":{"start":{"line":173,"column":4},"end":{"line":173,"column":null}},"88":{"start":{"line":182,"column":18},"end":{"line":182,"column":null}},"89":{"start":{"line":183,"column":4},"end":{"line":186,"column":null}},"90":{"start":{"line":184,"column":6},"end":{"line":184,"column":null}},"91":{"start":{"line":185,"column":6},"end":{"line":185,"column":null}},"92":{"start":{"line":188,"column":4},"end":{"line":190,"column":null}},"93":{"start":{"line":189,"column":6},"end":{"line":189,"column":null}},"94":{"start":{"line":192,"column":4},"end":{"line":199,"column":null}},"95":{"start":{"line":194,"column":18},"end":{"line":194,"column":24}},"96":{"start":{"line":196,"column":10},"end":{"line":196,"column":null}},"97":{"start":{"line":197,"column":10},"end":{"line":197,"column":null}},"98":{"start":{"line":211,"column":4},"end":{"line":217,"column":null}},"99":{"start":{"line":213,"column":8},"end":{"line":213,"column":null}},"100":{"start":{"line":214,"column":8},"end":{"line":214,"column":null}},"101":{"start":{"line":215,"column":8},"end":{"line":215,"column":null}},"102":{"start":{"line":216,"column":8},"end":{"line":216,"column":null}},"103":{"start":{"line":228,"column":4},"end":{"line":228,"column":null}},"104":{"start":{"line":228,"column":31},"end":{"line":228,"column":null}},"105":{"start":{"line":230,"column":21},"end":{"line":230,"column":null}},"106":{"start":{"line":231,"column":4},"end":{"line":242,"column":null}},"107":{"start":{"line":235,"column":10},"end":{"line":235,"column":null}},"108":{"start":{"line":236,"column":10},"end":{"line":236,"column":null}},"109":{"start":{"line":238,"column":10},"end":{"line":238,"column":null}},"110":{"start":{"line":239,"column":10},"end":{"line":239,"column":null}},"111":{"start":{"line":241,"column":25},"end":{"line":241,"column":55}},"112":{"start":{"line":245,"column":4},"end":{"line":245,"column":null}},"113":{"start":{"line":254,"column":4},"end":{"line":254,"column":null}},"114":{"start":{"line":262,"column":4},"end":{"line":262,"column":null}},"115":{"start":{"line":263,"column":4},"end":{"line":263,"column":null}},"116":{"start":{"line":264,"column":4},"end":{"line":264,"column":null}},"117":{"start":{"line":273,"column":21},"end":{"line":273,"column":null}},"118":{"start":{"line":274,"column":4},"end":{"line":274,"column":null}},"119":{"start":{"line":284,"column":4},"end":{"line":284,"column":null}},"120":{"start":{"line":288,"column":4},"end":{"line":288,"column":null}},"121":{"start":{"line":15,"column":13},"end":{"line":15,"column":null}},"122":{"start":{"line":15,"column":13},"end":{"line":14,"column":null}}},"fnMap":{"0":{"name":"(anonymous_0)","decl":{"start":{"line":42,"column":2},"end":{"line":42,"column":22}},"loc":{"start":{"line":42,"column":62},"end":{"line":44,"column":null}},"line":42},"1":{"name":"(anonymous_1)","decl":{"start":{"line":46,"column":10},"end":{"line":46,"column":30}},"loc":{"start":{"line":46,"column":30},"end":{"line":48,"column":null}},"line":46},"2":{"name":"(anonymous_2)","decl":{"start":{"line":50,"column":10},"end":{"line":50,"column":29}},"loc":{"start":{"line":50,"column":42},"end":{"line":61,"column":null}},"line":50},"3":{"name":"(anonymous_3)","decl":{"start":{"line":63,"column":10},"end":{"line":63,"column":31}},"loc":{"start":{"line":63,"column":44},"end":{"line":68,"column":null}},"line":63},"4":{"name":"(anonymous_4)","decl":{"start":{"line":70,"column":10},"end":{"line":70,"column":25}},"loc":{"start":{"line":70,"column":38},"end":{"line":74,"column":null}},"line":70},"5":{"name":"(anonymous_5)","decl":{"start":{"line":76,"column":10},"end":{"line":76,"column":27}},"loc":{"start":{"line":76,"column":27},"end":{"line":81,"column":null}},"line":76},"6":{"name":"(anonymous_6)","decl":{"start":{"line":83,"column":10},"end":{"line":83,"column":32}},"loc":{"start":{"line":83,"column":52},"end":{"line":109,"column":null}},"line":83},"7":{"name":"(anonymous_7)","decl":{"start":{"line":93,"column":19},"end":{"line":93,"column":24}},"loc":{"start":{"line":93,"column":24},"end":{"line":96,"column":9}},"line":93},"8":{"name":"(anonymous_8)","decl":{"start":{"line":101,"column":35},"end":{"line":101,"column":40}},"loc":{"start":{"line":101,"column":40},"end":{"line":108,"column":7}},"line":101},"9":{"name":"(anonymous_9)","decl":{"start":{"line":103,"column":19},"end":{"line":103,"column":24}},"loc":{"start":{"line":103,"column":24},"end":{"line":106,"column":9}},"line":103},"10":{"name":"(anonymous_10)","decl":{"start":{"line":111,"column":10},"end":{"line":111,"column":34}},"loc":{"start":{"line":111,"column":34},"end":{"line":128,"column":null}},"line":111},"11":{"name":"(anonymous_11)","decl":{"start":{"line":134,"column":2},"end":{"line":134,"column":16}},"loc":{"start":{"line":134,"column":16},"end":{"line":144,"column":null}},"line":134},"12":{"name":"(anonymous_12)","decl":{"start":{"line":151,"column":10},"end":{"line":151,"column":25}},"loc":{"start":{"line":151,"column":62},"end":{"line":174,"column":null}},"line":151},"13":{"name":"(anonymous_13)","decl":{"start":{"line":181,"column":8},"end":{"line":181,"column":25}},"loc":{"start":{"line":181,"column":25},"end":{"line":201,"column":null}},"line":181},"14":{"name":"(anonymous_14)","decl":{"start":{"line":194,"column":12},"end":{"line":194,"column":18}},"loc":{"start":{"line":194,"column":18},"end":{"line":194,"column":24}},"line":194},"15":{"name":"(anonymous_15)","decl":{"start":{"line":195,"column":19},"end":{"line":195,"column":24}},"loc":{"start":{"line":195,"column":24},"end":{"line":198,"column":9}},"line":195},"16":{"name":"(anonymous_16)","decl":{"start":{"line":210,"column":2},"end":{"line":210,"column":8}},"loc":{"start":{"line":210,"column":46},"end":{"line":219,"column":null}},"line":210},"17":{"name":"(anonymous_17)","decl":{"start":{"line":212,"column":16},"end":{"line":212,"column":17}},"loc":{"start":{"line":212,"column":24},"end":{"line":217,"column":7}},"line":212},"18":{"name":"(anonymous_18)","decl":{"start":{"line":227,"column":2},"end":{"line":227,"column":9}},"loc":{"start":{"line":227,"column":9},"end":{"line":246,"column":null}},"line":227},"19":{"name":"(anonymous_19)","decl":{"start":{"line":234,"column":12},"end":{"line":234,"column":13}},"loc":{"start":{"line":234,"column":20},"end":{"line":240,"column":9}},"line":234},"20":{"name":"(anonymous_20)","decl":{"start":{"line":241,"column":17},"end":{"line":241,"column":22}},"loc":{"start":{"line":241,"column":22},"end":{"line":241,"column":56}},"line":241},"21":{"name":"(anonymous_21)","decl":{"start":{"line":253,"column":2},"end":{"line":253,"column":11}},"loc":{"start":{"line":253,"column":35},"end":{"line":255,"column":null}},"line":253},"22":{"name":"(anonymous_22)","decl":{"start":{"line":261,"column":2},"end":{"line":261,"column":8}},"loc":{"start":{"line":261,"column":8},"end":{"line":265,"column":null}},"line":261},"23":{"name":"(anonymous_23)","decl":{"start":{"line":272,"column":2},"end":{"line":272,"column":28}},"loc":{"start":{"line":272,"column":41},"end":{"line":275,"column":null}},"line":272},"24":{"name":"(anonymous_24)","decl":{"start":{"line":283,"column":2},"end":{"line":283,"column":17}},"loc":{"start":{"line":283,"column":17},"end":{"line":285,"column":null}},"line":283},"25":{"name":"(anonymous_25)","decl":{"start":{"line":287,"column":2},"end":{"line":287,"column":16}},"loc":{"start":{"line":287,"column":16},"end":{"line":289,"column":null}},"line":287}},"branchMap":{"0":{"loc":{"start":{"line":28,"column":50},"end":{"line":28,"column":null}},"type":"cond-expr","locations":[{"start":{"line":28,"column":50},"end":{"line":28,"column":null}}],"line":28},"1":{"loc":{"start":{"line":47,"column":11},"end":{"line":47,"column":null}},"type":"binary-expr","locations":[{"start":{"line":47,"column":11},"end":{"line":47,"column":56}},{"start":{"line":47,"column":56},"end":{"line":47,"column":null}}],"line":47},"2":{"loc":{"start":{"line":53,"column":6},"end":{"line":53,"column":null}},"type":"if","locations":[{"start":{"line":53,"column":6},"end":{"line":53,"column":null}},{"start":{},"end":{}}],"line":53},"3":{"loc":{"start":{"line":66,"column":4},"end":{"line":66,"column":null}},"type":"if","locations":[{"start":{"line":66,"column":4},"end":{"line":66,"column":null}},{"start":{},"end":{}}],"line":66},"4":{"loc":{"start":{"line":72,"column":4},"end":{"line":72,"column":null}},"type":"if","locations":[{"start":{"line":72,"column":4},"end":{"line":72,"column":null}},{"start":{},"end":{}}],"line":72},"5":{"loc":{"start":{"line":77,"column":4},"end":{"line":80,"column":null}},"type":"if","locations":[{"start":{"line":77,"column":4},"end":{"line":80,"column":null}},{"start":{},"end":{}}],"line":77},"6":{"loc":{"start":{"line":85,"column":4},"end":{"line":85,"column":null}},"type":"if","locations":[{"start":{"line":85,"column":4},"end":{"line":85,"column":null}},{"start":{},"end":{}}],"line":85},"7":{"loc":{"start":{"line":88,"column":4},"end":{"line":88,"column":null}},"type":"if","locations":[{"start":{"line":88,"column":4},"end":{"line":88,"column":null}},{"start":{},"end":{}}],"line":88},"8":{"loc":{"start":{"line":91,"column":4},"end":{"line":99,"column":null}},"type":"if","locations":[{"start":{"line":91,"column":4},"end":{"line":99,"column":null}},{"start":{},"end":{}}],"line":91},"9":{"loc":{"start":{"line":113,"column":4},"end":{"line":118,"column":null}},"type":"if","locations":[{"start":{"line":113,"column":4},"end":{"line":118,"column":null}},{"start":{},"end":{}}],"line":113},"10":{"loc":{"start":{"line":120,"column":4},"end":{"line":123,"column":null}},"type":"if","locations":[{"start":{"line":120,"column":4},"end":{"line":123,"column":null}},{"start":{},"end":{}}],"line":120},"11":{"loc":{"start":{"line":136,"column":4},"end":{"line":136,"column":null}},"type":"if","locations":[{"start":{"line":136,"column":4},"end":{"line":136,"column":null}},{"start":{},"end":{}}],"line":136},"12":{"loc":{"start":{"line":138,"column":4},"end":{"line":141,"column":null}},"type":"if","locations":[{"start":{"line":138,"column":4},"end":{"line":141,"column":null}},{"start":{},"end":{}}],"line":138},"13":{"loc":{"start":{"line":151,"column":47},"end":{"line":151,"column":62}},"type":"default-arg","locations":[{"start":{"line":151,"column":58},"end":{"line":151,"column":62}}],"line":151},"14":{"loc":{"start":{"line":152,"column":23},"end":{"line":152,"column":null}},"type":"cond-expr","locations":[{"start":{"line":152,"column":62},"end":{"line":152,"column":70}},{"start":{"line":152,"column":70},"end":{"line":152,"column":null}}],"line":152},"15":{"loc":{"start":{"line":152,"column":23},"end":{"line":152,"column":62}},"type":"binary-expr","locations":[{"start":{"line":152,"column":23},"end":{"line":152,"column":32}},{"start":{"line":152,"column":32},"end":{"line":152,"column":62}}],"line":152},"16":{"loc":{"start":{"line":154,"column":4},"end":{"line":169,"column":null}},"type":"if","locations":[{"start":{"line":154,"column":4},"end":{"line":169,"column":null}},{"start":{"line":164,"column":11},"end":{"line":169,"column":null}}],"line":154},"17":{"loc":{"start":{"line":155,"column":6},"end":{"line":163,"column":null}},"type":"if","locations":[{"start":{"line":155,"column":6},"end":{"line":163,"column":null}},{"start":{"line":159,"column":13},"end":{"line":163,"column":null}}],"line":155},"18":{"loc":{"start":{"line":183,"column":4},"end":{"line":186,"column":null}},"type":"if","locations":[{"start":{"line":183,"column":4},"end":{"line":186,"column":null}},{"start":{},"end":{}}],"line":183},"19":{"loc":{"start":{"line":183,"column":8},"end":{"line":183,"column":46}},"type":"binary-expr","locations":[{"start":{"line":183,"column":8},"end":{"line":183,"column":17}},{"start":{"line":183,"column":17},"end":{"line":183,"column":46}}],"line":183},"20":{"loc":{"start":{"line":188,"column":4},"end":{"line":190,"column":null}},"type":"if","locations":[{"start":{"line":188,"column":4},"end":{"line":190,"column":null}},{"start":{},"end":{}}],"line":188},"21":{"loc":{"start":{"line":188,"column":8},"end":{"line":188,"column":45}},"type":"binary-expr","locations":[{"start":{"line":188,"column":8},"end":{"line":188,"column":17}},{"start":{"line":188,"column":17},"end":{"line":188,"column":45}}],"line":188},"22":{"loc":{"start":{"line":210,"column":31},"end":{"line":210,"column":46}},"type":"default-arg","locations":[{"start":{"line":210,"column":42},"end":{"line":210,"column":46}}],"line":210},"23":{"loc":{"start":{"line":228,"column":4},"end":{"line":228,"column":null}},"type":"if","locations":[{"start":{"line":228,"column":4},"end":{"line":228,"column":null}},{"start":{},"end":{}}],"line":228},"24":{"loc":{"start":{"line":15,"column":13},"end":{"line":15,"column":24}},"type":"binary-expr","locations":[{"start":{"line":15,"column":13},"end":{"line":15,"column":24}},{"start":{"line":15,"column":13},"end":{"line":15,"column":24}}],"line":15},"25":{"loc":{"start":{"line":15,"column":13},"end":{"line":14,"column":null}},"type":"binary-expr","locations":[{"start":{"line":15,"column":13},"end":{"line":15,"column":24}},{"start":{"line":15,"column":13},"end":{"line":15,"column":24}},{"start":{"line":15,"column":13},"end":{"line":14,"column":null}}],"line":15}},"s":{"0":3,"1":1,"2":1,"3":1,"4":1,"5":1,"6":1,"7":1,"8":1,"9":1,"10":1,"11":1,"12":3,"13":1,"14":1,"15":1,"16":1,"17":0,"18":0,"19":0,"20":0,"21":0,"22":0,"23":0,"24":0,"25":0,"26":0,"27":0,"28":0,"29":0,"30":0,"31":0,"32":0,"33":0,"34":1,"35":0,"36":0,"37":0,"38":0,"39":0,"40":0,"41":0,"42":0,"43":0,"44":0,"45":0,"46":0,"47":0,"48":0,"49":0,"50":0,"51":0,"52":0,"53":1,"54":1,"55":1,"56":1,"57":1,"58":1,"59":0,"60":0,"61":0,"62":0,"63":0,"64":0,"65":0,"66":0,"67":0,"68":0,"69":0,"70":0,"71":0,"72":0,"73":0,"74":0,"75":0,"76":0,"77":0,"78":0,"79":0,"80":0,"81":0,"82":0,"83":0,"84":0,"85":0,"86":0,"87":0,"88":0,"89":0,"90":0,"91":0,"92":0,"93":0,"94":0,"95":0,"96":0,"97":0,"98":0,"99":0,"100":0,"101":0,"102":0,"103":0,"104":0,"105":0,"106":0,"107":0,"108":0,"109":0,"110":0,"111":0,"112":0,"113":0,"114":0,"115":0,"116":0,"117":0,"118":0,"119":0,"120":0,"121":1,"122":3},"f":{"0":1,"1":1,"2":0,"3":0,"4":0,"5":1,"6":0,"7":0,"8":0,"9":0,"10":1,"11":0,"12":0,"13":0,"14":0,"15":0,"16":0,"17":0,"18":0,"19":0,"20":0,"21":0,"22":0,"23":0,"24":0,"25":0},"b":{"0":[1],"1":[1,1],"2":[0,0],"3":[0,0],"4":[0,0],"5":[0,1],"6":[0,0],"7":[0,0],"8":[0,0],"9":[1,0],"10":[0,0],"11":[0,0],"12":[0,0],"13":[0],"14":[0,0],"15":[0,0],"16":[0,0],"17":[0,0],"18":[0,0],"19":[0,0],"20":[0,0],"21":[0,0],"22":[0],"23":[0,0],"24":[1,1],"25":[3,3,3]},"meta":{"lastBranch":26,"lastFunction":26,"lastStatement":123,"seen":{"s:15:6:14:34":0,"s:17:20:17:Infinity":1,"s:20:27:20:Infinity":2,"s:21:27:21:Infinity":3,"s:22:27:22:Infinity":4,"s:23:63:23:Infinity":5,"s:24:35:24:Infinity":6,"s:25:71:25:Infinity":7,"s:28:10:28:Infinity":8,"s:34:28:34:Infinity":9,"s:39:31:39:Infinity":10,"s:40:24:40:Infinity":11,"s:15:13:14:34":12,"b:28:50:28:Infinity":0,"f:42:2:42:22":0,"s:42:22:42:48":13,"s:42:48:42:62":14,"s:43:4:43:Infinity":15,"f:46:10:46:30":1,"s:47:4:47:Infinity":16,"b:47:11:47:56:47:56:47:Infinity":1,"f:50:10:50:29":2,"s:51:4:60:Infinity":17,"s:52:20:52:Infinity":18,"b:53:6:53:Infinity:undefined:undefined:undefined:undefined":2,"s:53:6:53:Infinity":19,"s:53:28:53:Infinity":20,"s:55:21:55:Infinity":21,"s:56:21:56:Infinity":22,"s:57:6:57:Infinity":23,"s:59:6:59:Infinity":24,"f:63:10:63:31":3,"s:64:20:64:Infinity":25,"s:65:16:65:Infinity":26,"b:66:4:66:Infinity:undefined:undefined:undefined:undefined":3,"s:66:4:66:Infinity":27,"s:66:33:66:Infinity":28,"s:67:4:67:Infinity":29,"f:70:10:70:25":4,"s:71:19:71:Infinity":30,"b:72:4:72:Infinity:undefined:undefined:undefined:undefined":4,"s:72:4:72:Infinity":31,"s:72:17:72:Infinity":32,"s:73:4:73:Infinity":33,"f:76:10:76:27":5,"b:77:4:80:Infinity:undefined:undefined:undefined:undefined":5,"s:77:4:80:Infinity":34,"s:78:6:78:Infinity":35,"s:79:6:79:Infinity":36,"f:83:10:83:32":6,"s:84:4:84:Infinity":37,"b:85:4:85:Infinity:undefined:undefined:undefined:undefined":6,"s:85:4:85:Infinity":38,"s:85:16:85:Infinity":39,"s:87:19:87:Infinity":40,"b:88:4:88:Infinity:undefined:undefined:undefined:undefined":7,"s:88:4:88:Infinity":41,"s:88:17:88:Infinity":42,"s:90:18:90:Infinity":43,"b:91:4:99:Infinity:undefined:undefined:undefined:undefined":8,"s:91:4:99:Infinity":44,"s:92:6:97:Infinity":45,"f:93:19:93:24":7,"s:94:10:94:Infinity":46,"s:95:10:95:Infinity":47,"s:98:6:98:Infinity":48,"s:101:4:108:Infinity":49,"f:101:35:101:40":8,"s:102:6:107:Infinity":50,"f:103:19:103:24":9,"s:104:10:104:Infinity":51,"s:105:10:105:Infinity":52,"f:111:10:111:34":10,"s:112:18:112:Infinity":53,"b:113:4:118:Infinity:undefined:undefined:undefined:undefined":9,"s:113:4:118:Infinity":54,"s:114:6:114:Infinity":55,"s:115:6:115:Infinity":56,"s:116:6:116:Infinity":57,"s:117:6:117:Infinity":58,"b:120:4:123:Infinity:undefined:undefined:undefined:undefined":10,"s:120:4:123:Infinity":59,"s:121:6:121:Infinity":60,"s:122:6:122:Infinity":61,"s:125:4:125:Infinity":62,"s:126:4:126:Infinity":63,"s:127:4:127:Infinity":64,"f:134:2:134:16":11,"s:135:18:135:Infinity":65,"b:136:4:136:Infinity:undefined:undefined:undefined:undefined":11,"s:136:4:136:Infinity":66,"s:136:16:136:Infinity":67,"b:138:4:141:Infinity:undefined:undefined:undefined:undefined":12,"s:138:4:141:Infinity":68,"s:139:6:139:Infinity":69,"s:140:6:140:Infinity":70,"s:143:4:143:Infinity":71,"f:151:10:151:25":12,"b:151:58:151:62":13,"s:152:23:152:Infinity":72,"b:152:62:152:70:152:70:152:Infinity":14,"b:152:23:152:32:152:32:152:62":15,"b:154:4:169:Infinity:164:11:169:Infinity":16,"s:154:4:169:Infinity":73,"b:155:6:163:Infinity:159:13:163:Infinity":17,"s:155:6:163:Infinity":74,"s:156:8:156:Infinity":75,"s:157:8:157:Infinity":76,"s:158:8:158:Infinity":77,"s:160:8:160:Infinity":78,"s:161:8:161:Infinity":79,"s:162:8:162:Infinity":80,"s:165:6:165:Infinity":81,"s:166:6:166:Infinity":82,"s:167:6:167:Infinity":83,"s:168:6:168:Infinity":84,"s:171:4:171:Infinity":85,"s:172:4:172:Infinity":86,"s:173:4:173:Infinity":87,"f:181:8:181:25":13,"s:182:18:182:Infinity":88,"b:183:4:186:Infinity:undefined:undefined:undefined:undefined":18,"s:183:4:186:Infinity":89,"b:183:8:183:17:183:17:183:46":19,"s:184:6:184:Infinity":90,"s:185:6:185:Infinity":91,"b:188:4:190:Infinity:undefined:undefined:undefined:undefined":20,"s:188:4:190:Infinity":92,"b:188:8:188:17:188:17:188:45":21,"s:189:6:189:Infinity":93,"s:192:4:199:Infinity":94,"f:194:12:194:18":14,"s:194:18:194:24":95,"f:195:19:195:24":15,"s:196:10:196:Infinity":96,"s:197:10:197:Infinity":97,"f:210:2:210:8":16,"b:210:42:210:46":22,"s:211:4:217:Infinity":98,"f:212:16:212:17":17,"s:213:8:213:Infinity":99,"s:214:8:214:Infinity":100,"s:215:8:215:Infinity":101,"s:216:8:216:Infinity":102,"f:227:2:227:9":18,"b:228:4:228:Infinity:undefined:undefined:undefined:undefined":23,"s:228:4:228:Infinity":103,"s:228:31:228:Infinity":104,"s:230:21:230:Infinity":105,"s:231:4:242:Infinity":106,"f:234:12:234:13":19,"s:235:10:235:Infinity":107,"s:236:10:236:Infinity":108,"s:238:10:238:Infinity":109,"s:239:10:239:Infinity":110,"f:241:17:241:22":20,"s:241:25:241:55":111,"s:245:4:245:Infinity":112,"f:253:2:253:11":21,"s:254:4:254:Infinity":113,"f:261:2:261:8":22,"s:262:4:262:Infinity":114,"s:263:4:263:Infinity":115,"s:264:4:264:Infinity":116,"f:272:2:272:28":23,"s:273:21:273:Infinity":117,"s:274:4:274:Infinity":118,"f:283:2:283:17":24,"s:284:4:284:Infinity":119,"f:287:2:287:16":25,"s:288:4:288:Infinity":120,"s:15:13:15:Infinity":121,"b:15:13:15:24:15:13:15:24":24,"s:15:13:14:Infinity":122,"b:15:13:15:24:15:13:15:24:15:13:14:Infinity":25}}}
,"C:\\Users\\rubym\\Documents\\full\\frontend\\src\\app\\components\\calendar\\calendar.html": {"path":"C:\\Users\\rubym\\Documents\\full\\frontend\\src\\app\\components\\calendar\\calendar.html","statementMap":{"0":{"start":{"line":26,"column":10},"end":{"line":26,"column":37}},"1":{"start":{"line":27,"column":12},"end":{"line":27,"column":null}},"2":{"start":{"line":28,"column":10},"end":{"line":28,"column":null}},"3":{"start":{"line":3,"column":2},"end":{"line":3,"column":17}},"4":{"start":{"line":4,"column":4},"end":{"line":4,"column":null}},"5":{"start":{"line":9,"column":6},"end":{"line":9,"column":null}},"6":{"start":{"line":9,"column":6},"end":{"line":9,"column":15}},"7":{"start":{"line":11,"column":4},"end":{"line":13,"column":null}},"8":{"start":{"line":18,"column":12},"end":{"line":18,"column":null}},"9":{"start":{"line":18,"column":12},"end":{"line":18,"column":21}},"10":{"start":{"line":14,"column":10},"end":{"line":14,"column":null}},"11":{"start":{"line":22,"column":10},"end":{"line":22,"column":null}},"12":{"start":{"line":23,"column":12},"end":{"line":23,"column":null}},"13":{"start":{"line":24,"column":10},"end":{"line":24,"column":null}},"14":{"start":{"line":29,"column":8},"end":{"line":29,"column":null}},"15":{"start":{"line":31,"column":8},"end":{"line":31,"column":null}},"16":{"start":{"line":32,"column":10},"end":{"line":32,"column":null}},"17":{"start":{"line":34,"column":8},"end":{"line":34,"column":null}},"18":{"start":{"line":36,"column":8},"end":{"line":36,"column":36}},"19":{"start":{"line":37,"column":10},"end":{"line":37,"column":null}},"20":{"start":{"line":38,"column":10},"end":{"line":38,"column":null}},"21":{"start":{"line":39,"column":8},"end":{"line":41,"column":null}},"22":{"start":{"line":7,"column":6},"end":{"line":7,"column":70}},"23":{"start":{"line":7,"column":6},"end":{"line":7,"column":null}},"24":{"start":{"line":6,"column":6},"end":{"line":6,"column":null}},"25":{"start":{"line":16,"column":12},"end":{"line":16,"column":46}},"26":{"start":{"line":16,"column":12},"end":{"line":16,"column":null}},"27":{"start":{"line":26,"column":37},"end":{"line":26,"column":null}},"28":{"start":{"line":36,"column":36},"end":{"line":36,"column":null}},"29":{"start":{"line":3,"column":17},"end":{"line":3,"column":null}},"30":{"start":{"line":51,"column":2},"end":{"line":51,"column":null}},"31":{"start":{"line":59,"column":4},"end":{"line":61,"column":56}},"32":{"start":{"line":59,"column":4},"end":{"line":59,"column":20}},"33":{"start":{"line":59,"column":4},"end":{"line":59,"column":75}},"34":{"start":{"line":59,"column":75},"end":{"line":59,"column":null}},"35":{"start":{"line":59,"column":75},"end":{"line":60,"column":53}},"36":{"start":{"line":60,"column":53},"end":{"line":60,"column":null}},"37":{"start":{"line":60,"column":53},"end":{"line":61,"column":56}},"38":{"start":{"line":62,"column":2},"end":{"line":62,"column":null}},"39":{"start":{"line":53,"column":4},"end":{"line":57,"column":null}},"40":{"start":{"line":66,"column":2},"end":{"line":66,"column":null}},"41":{"start":{"line":73,"column":4},"end":{"line":75,"column":null}},"42":{"start":{"line":73,"column":4},"end":{"line":73,"column":20}},"43":{"start":{"line":73,"column":4},"end":{"line":73,"column":75}},"44":{"start":{"line":73,"column":75},"end":{"line":73,"column":null}},"45":{"start":{"line":73,"column":75},"end":{"line":74,"column":53}},"46":{"start":{"line":74,"column":53},"end":{"line":74,"column":null}},"47":{"start":{"line":74,"column":53},"end":{"line":75,"column":null}},"48":{"start":{"line":76,"column":2},"end":{"line":76,"column":null}},"49":{"start":{"line":68,"column":4},"end":{"line":71,"column":null}},"50":{"start":{"line":2,"column":0},"end":{"line":2,"column":null}},"51":{"start":{"line":48,"column":0},"end":{"line":48,"column":null}},"52":{"start":{"line":51,"column":2},"end":{"line":61,"column":null}},"53":{"start":{"line":78,"column":0},"end":{"line":78,"column":null}},"54":{"start":{"line":52,"column":5},"end":{"line":52,"column":null}},"55":{"start":{"line":67,"column":5},"end":{"line":67,"column":null}}},"fnMap":{"0":{"name":"CalendarComponent_ng_template_0_ng_container_0_Template_div_click_1_listener","decl":{"start":{"line":9,"column":6},"end":{"line":9,"column":15}},"loc":{"start":{"line":9,"column":6},"end":{"line":9,"column":null}},"line":9},"1":{"name":"CalendarComponent_ng_template_0_ng_container_0_Template_input_click_4_listener","decl":{"start":{"line":18,"column":12},"end":{"line":18,"column":21}},"loc":{"start":{"line":18,"column":12},"end":{"line":18,"column":null}},"line":18},"2":{"name":"CalendarComponent_mwl_calendar_week_view_3_Template_mwl_calendar_week_view_eventClicked_0_listener","decl":{"start":{"line":59,"column":4},"end":{"line":59,"column":20}},"loc":{"start":{"line":59,"column":4},"end":{"line":59,"column":75}},"line":59},"3":{"name":"CalendarComponent_mwl_calendar_week_view_3_Template_mwl_calendar_week_view_eventTimesChanged_0_listener","decl":{"start":{"line":59,"column":75},"end":{"line":59,"column":null}},"loc":{"start":{"line":59,"column":75},"end":{"line":60,"column":53}},"line":59},"4":{"name":"CalendarComponent_mwl_calendar_week_view_3_Template_mwl_calendar_week_view_hourSegmentClicked_0_listener","decl":{"start":{"line":60,"column":53},"end":{"line":60,"column":null}},"loc":{"start":{"line":60,"column":53},"end":{"line":61,"column":56}},"line":60},"5":{"name":"CalendarComponent_mwl_calendar_day_view_4_Template_mwl_calendar_day_view_eventClicked_0_listener","decl":{"start":{"line":73,"column":4},"end":{"line":73,"column":20}},"loc":{"start":{"line":73,"column":4},"end":{"line":73,"column":75}},"line":73},"6":{"name":"CalendarComponent_mwl_calendar_day_view_4_Template_mwl_calendar_day_view_eventTimesChanged_0_listener","decl":{"start":{"line":73,"column":75},"end":{"line":73,"column":null}},"loc":{"start":{"line":73,"column":75},"end":{"line":74,"column":53}},"line":73},"7":{"name":"CalendarComponent_mwl_calendar_day_view_4_Template_mwl_calendar_day_view_hourSegmentClicked_0_listener","decl":{"start":{"line":74,"column":53},"end":{"line":74,"column":null}},"loc":{"start":{"line":74,"column":53},"end":{"line":75,"column":null}},"line":74}},"branchMap":{"0":{"loc":{"start":{"line":27,"column":12},"end":{"line":27,"column":null}},"type":"cond-expr","locations":[{"start":{"line":27,"column":12},"end":{"line":27,"column":null}},{"start":{"line":27,"column":12},"end":{"line":27,"column":null}}],"line":27},"1":{"loc":{"start":{"line":7,"column":6},"end":{"line":7,"column":70}},"type":"binary-expr","locations":[{"start":{"line":7,"column":6},"end":{"line":7,"column":70}},{"start":{"line":7,"column":6},"end":{"line":7,"column":70}}],"line":7},"2":{"loc":{"start":{"line":7,"column":70},"end":{"line":7,"column":null}},"type":"binary-expr","locations":[{"start":{"line":7,"column":70},"end":{"line":7,"column":null}},{"start":{"line":7,"column":70},"end":{"line":7,"column":null}}],"line":7},"3":{"loc":{"start":{"line":6,"column":6},"end":{"line":6,"column":null}},"type":"cond-expr","locations":[{"start":{"line":6,"column":6},"end":{"line":6,"column":null}},{"start":{"line":6,"column":6},"end":{"line":6,"column":null}}],"line":6},"4":{"loc":{"start":{"line":16,"column":12},"end":{"line":16,"column":46}},"type":"cond-expr","locations":[{"start":{"line":16,"column":12},"end":{"line":16,"column":46}},{"start":{"line":16,"column":12},"end":{"line":16,"column":46}}],"line":16},"5":{"loc":{"start":{"line":26,"column":37},"end":{"line":26,"column":null}},"type":"cond-expr","locations":[{"start":{"line":26,"column":37},"end":{"line":26,"column":null}},{"start":{"line":26,"column":37},"end":{"line":26,"column":null}}],"line":26},"6":{"loc":{"start":{"line":32,"column":10},"end":{"line":32,"column":null}},"type":"binary-expr","locations":[{"start":{"line":32,"column":10},"end":{"line":32,"column":null}},{"start":{"line":32,"column":10},"end":{"line":32,"column":null}}],"line":32},"7":{"loc":{"start":{"line":36,"column":36},"end":{"line":36,"column":null}},"type":"binary-expr","locations":[{"start":{"line":36,"column":36},"end":{"line":36,"column":null}},{"start":{"line":36,"column":36},"end":{"line":36,"column":null}}],"line":36},"8":{"loc":{"start":{"line":38,"column":10},"end":{"line":38,"column":null}},"type":"binary-expr","locations":[{"start":{"line":38,"column":10},"end":{"line":38,"column":null}},{"start":{"line":38,"column":10},"end":{"line":38,"column":null}}],"line":38},"9":{"loc":{"start":{"line":3,"column":17},"end":{"line":3,"column":null}},"type":"binary-expr","locations":[{"start":{"line":3,"column":17},"end":{"line":3,"column":null}},{"start":{"line":3,"column":17},"end":{"line":3,"column":null}}],"line":3}},"s":{"0":0,"1":0,"2":0,"3":0,"4":0,"5":0,"6":0,"7":0,"8":0,"9":0,"10":0,"11":0,"12":0,"13":0,"14":0,"15":0,"16":0,"17":0,"18":0,"19":0,"20":0,"21":0,"22":0,"23":0,"24":0,"25":0,"26":0,"27":0,"28":0,"29":0,"30":0,"31":0,"32":0,"33":0,"34":0,"35":0,"36":0,"37":0,"38":0,"39":0,"40":0,"41":0,"42":0,"43":0,"44":0,"45":0,"46":0,"47":0,"48":0,"49":0,"50":23,"51":23,"52":23,"53":23,"54":0,"55":0},"f":{"0":0,"1":0,"2":0,"3":0,"4":0,"5":0,"6":0,"7":0},"b":{"0":[0,0],"1":[0,0],"2":[0,0],"3":[0,0],"4":[0,0],"5":[0,0],"6":[0,0],"7":[0,0],"8":[0,0],"9":[0,0]},"meta":{"lastBranch":10,"lastFunction":8,"lastStatement":56,"seen":{"s:26:10:26:37":0,"s:27:12:27:Infinity":1,"s:28:10:28:Infinity":2,"b:27:12:27:Infinity:27:12:27:Infinity":0,"s:3:2:3:17":3,"s:4:4:4:Infinity":4,"s:9:6:9:Infinity":5,"f:9:6:9:15":0,"s:9:6:9:15":6,"s:11:4:13:Infinity":7,"s:18:12:18:Infinity":8,"f:18:12:18:21":1,"s:18:12:18:21":9,"s:14:10:14:Infinity":10,"s:22:10:22:Infinity":11,"s:23:12:23:Infinity":12,"s:24:10:24:Infinity":13,"s:29:8:29:Infinity":14,"s:31:8:31:Infinity":15,"s:32:10:32:Infinity":16,"s:34:8:34:Infinity":17,"s:36:8:36:36":18,"s:37:10:37:Infinity":19,"s:38:10:38:Infinity":20,"s:39:8:41:Infinity":21,"s:7:6:7:70":22,"s:7:6:7:Infinity":23,"b:7:6:7:70:7:6:7:70":1,"b:7:70:7:Infinity:7:70:7:Infinity":2,"s:6:6:6:Infinity":24,"b:6:6:6:Infinity:6:6:6:Infinity":3,"s:16:12:16:46":25,"s:16:12:16:Infinity":26,"b:16:12:16:46:16:12:16:46":4,"s:26:37:26:Infinity":27,"b:26:37:26:Infinity:26:37:26:Infinity":5,"b:32:10:32:Infinity:32:10:32:Infinity":6,"s:36:36:36:Infinity":28,"b:36:36:36:Infinity:36:36:36:Infinity":7,"b:38:10:38:Infinity:38:10:38:Infinity":8,"s:3:17:3:Infinity":29,"b:3:17:3:Infinity:3:17:3:Infinity":9,"s:51:2:51:Infinity":30,"s:59:4:61:56":31,"f:59:4:59:20":2,"s:59:4:59:20":32,"s:59:4:59:75":33,"f:59:75:59:Infinity":3,"s:59:75:59:Infinity":34,"s:59:75:60:53":35,"f:60:53:60:Infinity":4,"s:60:53:60:Infinity":36,"s:60:53:61:56":37,"s:62:2:62:Infinity":38,"s:53:4:57:Infinity":39,"s:66:2:66:Infinity":40,"s:73:4:75:Infinity":41,"f:73:4:73:20":5,"s:73:4:73:20":42,"s:73:4:73:75":43,"f:73:75:73:Infinity":6,"s:73:75:73:Infinity":44,"s:73:75:74:53":45,"f:74:53:74:Infinity":7,"s:74:53:74:Infinity":46,"s:74:53:75:Infinity":47,"s:76:2:76:Infinity":48,"s:68:4:71:Infinity":49,"s:2:0:2:Infinity":50,"s:48:0:48:Infinity":51,"s:51:2:61:Infinity":52,"s:78:0:78:Infinity":53,"s:52:5:52:Infinity":54,"s:67:5:67:Infinity":55}}}
,"C:\\Users\\rubym\\Documents\\full\\frontend\\src\\app\\components\\calendar\\calendar.ts": {"path":"C:\\Users\\rubym\\Documents\\full\\frontend\\src\\app\\components\\calendar\\calendar.ts","statementMap":{"0":{"start":{"line":26,"column":0},"end":{"line":26,"column":null}},"1":{"start":{"line":31,"column":6},"end":{"line":31,"column":49}},"2":{"start":{"line":31,"column":13},"end":{"line":31,"column":49}},"3":{"start":{"line":33,"column":4},"end":{"line":33,"column":null}},"4":{"start":{"line":37,"column":4},"end":{"line":37,"column":null}},"5":{"start":{"line":31,"column":13},"end":{"line":30,"column":null}},"6":{"start":{"line":58,"column":6},"end":{"line":48,"column":null}},"7":{"start":{"line":67,"column":28},"end":{"line":67,"column":null}},"8":{"start":{"line":68,"column":23},"end":{"line":68,"column":null}},"9":{"start":{"line":69,"column":25},"end":{"line":69,"column":null}},"10":{"start":{"line":71,"column":11},"end":{"line":71,"column":null}},"11":{"start":{"line":72,"column":17},"end":{"line":72,"column":null}},"12":{"start":{"line":74,"column":46},"end":{"line":74,"column":null}},"13":{"start":{"line":75,"column":24},"end":{"line":75,"column":null}},"14":{"start":{"line":76,"column":29},"end":{"line":76,"column":null}},"15":{"start":{"line":77,"column":12},"end":{"line":77,"column":null}},"16":{"start":{"line":78,"column":29},"end":{"line":78,"column":null}},"17":{"start":{"line":58,"column":13},"end":{"line":48,"column":null}},"18":{"start":{"line":61,"column":12},"end":{"line":61,"column":null}},"19":{"start":{"line":62,"column":12},"end":{"line":62,"column":null}},"20":{"start":{"line":63,"column":12},"end":{"line":63,"column":null}},"21":{"start":{"line":64,"column":12},"end":{"line":64,"column":36}},"22":{"start":{"line":81,"column":4},"end":{"line":81,"column":null}},"23":{"start":{"line":85,"column":4},"end":{"line":85,"column":null}},"24":{"start":{"line":86,"column":4},"end":{"line":86,"column":null}},"25":{"start":{"line":87,"column":4},"end":{"line":87,"column":null}},"26":{"start":{"line":91,"column":4},"end":{"line":91,"column":null}},"27":{"start":{"line":92,"column":4},"end":{"line":92,"column":null}},"28":{"start":{"line":98,"column":24},"end":{"line":98,"column":null}},"29":{"start":{"line":99,"column":19},"end":{"line":99,"column":null}},"30":{"start":{"line":101,"column":4},"end":{"line":106,"column":null}},"31":{"start":{"line":102,"column":6},"end":{"line":102,"column":null}},"32":{"start":{"line":103,"column":6},"end":{"line":103,"column":null}},"33":{"start":{"line":104,"column":6},"end":{"line":104,"column":null}},"34":{"start":{"line":105,"column":6},"end":{"line":105,"column":null}},"35":{"start":{"line":108,"column":21},"end":{"line":110,"column":null}},"36":{"start":{"line":112,"column":4},"end":{"line":132,"column":null}},"37":{"start":{"line":114,"column":8},"end":{"line":114,"column":null}},"38":{"start":{"line":115,"column":8},"end":{"line":122,"column":null}},"39":{"start":{"line":115,"column":33},"end":{"line":122,"column":null}},"40":{"start":{"line":123,"column":8},"end":{"line":123,"column":null}},"41":{"start":{"line":124,"column":8},"end":{"line":124,"column":null}},"42":{"start":{"line":127,"column":8},"end":{"line":127,"column":null}},"43":{"start":{"line":128,"column":8},"end":{"line":128,"column":null}},"44":{"start":{"line":129,"column":8},"end":{"line":129,"column":null}},"45":{"start":{"line":130,"column":8},"end":{"line":130,"column":null}},"46":{"start":{"line":136,"column":17},"end":{"line":136,"column":null}},"47":{"start":{"line":137,"column":24},"end":{"line":137,"column":null}},"48":{"start":{"line":139,"column":4},"end":{"line":142,"column":null}},"49":{"start":{"line":140,"column":6},"end":{"line":140,"column":null}},"50":{"start":{"line":141,"column":6},"end":{"line":141,"column":null}},"51":{"start":{"line":144,"column":4},"end":{"line":147,"column":null}},"52":{"start":{"line":145,"column":21},"end":{"line":145,"column":null}},"53":{"start":{"line":146,"column":19},"end":{"line":146,"column":null}},"54":{"start":{"line":153,"column":4},"end":{"line":153,"column":null}},"55":{"start":{"line":153,"column":24},"end":{"line":153,"column":null}},"56":{"start":{"line":154,"column":19},"end":{"line":154,"column":null}},"57":{"start":{"line":156,"column":4},"end":{"line":156,"column":null}},"58":{"start":{"line":156,"column":42},"end":{"line":156,"column":null}},"59":{"start":{"line":158,"column":4},"end":{"line":158,"column":null}},"60":{"start":{"line":165,"column":4},"end":{"line":165,"column":null}},"61":{"start":{"line":166,"column":4},"end":{"line":166,"column":null}},"62":{"start":{"line":167,"column":4},"end":{"line":169,"column":null}},"63":{"start":{"line":168,"column":6},"end":{"line":168,"column":null}},"64":{"start":{"line":175,"column":19},"end":{"line":175,"column":null}},"65":{"start":{"line":176,"column":4},"end":{"line":176,"column":null}},"66":{"start":{"line":176,"column":17},"end":{"line":176,"column":null}},"67":{"start":{"line":179,"column":4},"end":{"line":182,"column":null}},"68":{"start":{"line":180,"column":6},"end":{"line":182,"column":11}},"69":{"start":{"line":184,"column":4},"end":{"line":184,"column":null}},"70":{"start":{"line":186,"column":20},"end":{"line":193,"column":null}},"71":{"start":{"line":196,"column":4},"end":{"line":202,"column":null}},"72":{"start":{"line":197,"column":18},"end":{"line":197,"column":null}},"73":{"start":{"line":199,"column":8},"end":{"line":199,"column":null}},"74":{"start":{"line":200,"column":8},"end":{"line":200,"column":null}},"75":{"start":{"line":209,"column":16},"end":{"line":209,"column":null}},"76":{"start":{"line":210,"column":20},"end":{"line":210,"column":null}},"77":{"start":{"line":212,"column":22},"end":{"line":221,"column":null}},"78":{"start":{"line":223,"column":4},"end":{"line":223,"column":null}},"79":{"start":{"line":223,"column":48},"end":{"line":223,"column":73}},"80":{"start":{"line":227,"column":22},"end":{"line":240,"column":null}},"81":{"start":{"line":242,"column":4},"end":{"line":243,"column":null}},"82":{"start":{"line":243,"column":6},"end":{"line":243,"column":51}},"83":{"start":{"line":250,"column":4},"end":{"line":250,"column":null}},"84":{"start":{"line":250,"column":17},"end":{"line":250,"column":null}},"85":{"start":{"line":252,"column":20},"end":{"line":260,"column":null}},"86":{"start":{"line":263,"column":21},"end":{"line":265,"column":null}},"87":{"start":{"line":267,"column":4},"end":{"line":270,"column":null}},"88":{"start":{"line":268,"column":18},"end":{"line":268,"column":null}},"89":{"start":{"line":269,"column":19},"end":{"line":269,"column":null}},"90":{"start":{"line":274,"column":4},"end":{"line":274,"column":null}},"91":{"start":{"line":276,"column":4},"end":{"line":280,"column":null}},"92":{"start":{"line":278,"column":6},"end":{"line":278,"column":null}},"93":{"start":{"line":279,"column":6},"end":{"line":279,"column":null}},"94":{"start":{"line":282,"column":4},"end":{"line":284,"column":null}},"95":{"start":{"line":283,"column":6},"end":{"line":283,"column":null}},"96":{"start":{"line":288,"column":4},"end":{"line":288,"column":null}},"97":{"start":{"line":288,"column":42},"end":{"line":288,"column":null}},"98":{"start":{"line":290,"column":19},"end":{"line":290,"column":null}},"99":{"start":{"line":291,"column":23},"end":{"line":291,"column":null}},"100":{"start":{"line":293,"column":4},"end":{"line":293,"column":null}},"101":{"start":{"line":299,"column":19},"end":{"line":299,"column":null}},"102":{"start":{"line":300,"column":4},"end":{"line":300,"column":null}},"103":{"start":{"line":300,"column":17},"end":{"line":300,"column":null}},"104":{"start":{"line":302,"column":20},"end":{"line":304,"column":null}},"105":{"start":{"line":306,"column":4},"end":{"line":319,"column":null}},"106":{"start":{"line":308,"column":8},"end":{"line":308,"column":null}},"107":{"start":{"line":309,"column":21},"end":{"line":309,"column":null}},"108":{"start":{"line":310,"column":8},"end":{"line":312,"column":null}},"109":{"start":{"line":311,"column":10},"end":{"line":311,"column":null}},"110":{"start":{"line":315,"column":8},"end":{"line":315,"column":null}},"111":{"start":{"line":316,"column":8},"end":{"line":316,"column":null}},"112":{"start":{"line":317,"column":8},"end":{"line":317,"column":null}},"113":{"start":{"line":325,"column":17},"end":{"line":325,"column":null}},"114":{"start":{"line":326,"column":4},"end":{"line":326,"column":null}},"115":{"start":{"line":58,"column":13},"end":{"line":58,"column":null}},"116":{"start":{"line":54,"column":3},"end":{"line":78,"column":null}},"117":{"start":{"line":58,"column":13},"end":{"line":69,"column":12}}},"fnMap":{"0":{"name":"(anonymous_0)","decl":{"start":{"line":32,"column":11},"end":{"line":32,"column":24}},"loc":{"start":{"line":32,"column":53},"end":{"line":34,"column":null}},"line":32},"1":{"name":"(anonymous_1)","decl":{"start":{"line":36,"column":11},"end":{"line":36,"column":23}},"loc":{"start":{"line":36,"column":52},"end":{"line":38,"column":null}},"line":36},"2":{"name":"(anonymous_2)","decl":{"start":{"line":60,"column":2},"end":{"line":60,"column":null}},"loc":{"start":{"line":64,"column":36},"end":{"line":65,"column":null}},"line":64},"3":{"name":"(anonymous_3)","decl":{"start":{"line":80,"column":6},"end":{"line":80,"column":14}},"loc":{"start":{"line":80,"column":14},"end":{"line":82,"column":null}},"line":80},"4":{"name":"(anonymous_4)","decl":{"start":{"line":84,"column":2},"end":{"line":84,"column":10}},"loc":{"start":{"line":84,"column":10},"end":{"line":88,"column":null}},"line":84},"5":{"name":"(anonymous_5)","decl":{"start":{"line":90,"column":2},"end":{"line":90,"column":12}},"loc":{"start":{"line":90,"column":12},"end":{"line":93,"column":null}},"line":90},"6":{"name":"(anonymous_6)","decl":{"start":{"line":97,"column":2},"end":{"line":97,"column":12}},"loc":{"start":{"line":97,"column":12},"end":{"line":133,"column":null}},"line":97},"7":{"name":"(anonymous_7)","decl":{"start":{"line":113,"column":12},"end":{"line":113,"column":21}},"loc":{"start":{"line":113,"column":21},"end":{"line":125,"column":null}},"line":113},"8":{"name":"(anonymous_8)","decl":{"start":{"line":115,"column":33},"end":{"line":115,"column":43}},"loc":{"start":{"line":115,"column":33},"end":{"line":122,"column":null}},"line":115},"9":{"name":"(anonymous_9)","decl":{"start":{"line":126,"column":13},"end":{"line":126,"column":18}},"loc":{"start":{"line":126,"column":18},"end":{"line":131,"column":null}},"line":126},"10":{"name":"(anonymous_10)","decl":{"start":{"line":135,"column":2},"end":{"line":135,"column":17}},"loc":{"start":{"line":135,"column":17},"end":{"line":148,"column":null}},"line":135},"11":{"name":"(anonymous_11)","decl":{"start":{"line":145,"column":12},"end":{"line":145,"column":21}},"loc":{"start":{"line":145,"column":21},"end":{"line":145,"column":null}},"line":145},"12":{"name":"(anonymous_12)","decl":{"start":{"line":146,"column":13},"end":{"line":146,"column":19}},"loc":{"start":{"line":146,"column":19},"end":{"line":146,"column":null}},"line":146},"13":{"name":"(anonymous_13)","decl":{"start":{"line":152,"column":2},"end":{"line":152,"column":23}},"loc":{"start":{"line":152,"column":70},"end":{"line":159,"column":null}},"line":152},"14":{"name":"(anonymous_14)","decl":{"start":{"line":161,"column":2},"end":{"line":161,"column":null}},"loc":{"start":{"line":163,"column":42},"end":{"line":170,"column":null}},"line":163},"15":{"name":"(anonymous_15)","decl":{"start":{"line":174,"column":2},"end":{"line":174,"column":22}},"loc":{"start":{"line":174,"column":99},"end":{"line":203,"column":null}},"line":174},"16":{"name":"(anonymous_16)","decl":{"start":{"line":179,"column":34},"end":{"line":179,"column":null}},"loc":{"start":{"line":180,"column":6},"end":{"line":182,"column":11}},"line":180},"17":{"name":"(anonymous_17)","decl":{"start":{"line":197,"column":12},"end":{"line":197,"column":18}},"loc":{"start":{"line":197,"column":18},"end":{"line":197,"column":null}},"line":197},"18":{"name":"(anonymous_18)","decl":{"start":{"line":198,"column":13},"end":{"line":198,"column":18}},"loc":{"start":{"line":198,"column":18},"end":{"line":201,"column":null}},"line":198},"19":{"name":"(anonymous_19)","decl":{"start":{"line":208,"column":2},"end":{"line":208,"column":19}},"loc":{"start":{"line":208,"column":30},"end":{"line":224,"column":null}},"line":208},"20":{"name":"(anonymous_20)","decl":{"start":{"line":223,"column":38},"end":{"line":223,"column":48}},"loc":{"start":{"line":223,"column":48},"end":{"line":223,"column":73}},"line":223},"21":{"name":"(anonymous_21)","decl":{"start":{"line":226,"column":2},"end":{"line":226,"column":17}},"loc":{"start":{"line":226,"column":55},"end":{"line":245,"column":null}},"line":226},"22":{"name":"(anonymous_22)","decl":{"start":{"line":242,"column":38},"end":{"line":242,"column":null}},"loc":{"start":{"line":243,"column":6},"end":{"line":243,"column":51}},"line":243},"23":{"name":"(anonymous_23)","decl":{"start":{"line":249,"column":2},"end":{"line":249,"column":15}},"loc":{"start":{"line":249,"column":67},"end":{"line":271,"column":null}},"line":249},"24":{"name":"(anonymous_24)","decl":{"start":{"line":268,"column":12},"end":{"line":268,"column":18}},"loc":{"start":{"line":268,"column":18},"end":{"line":268,"column":null}},"line":268},"25":{"name":"(anonymous_25)","decl":{"start":{"line":269,"column":13},"end":{"line":269,"column":19}},"loc":{"start":{"line":269,"column":19},"end":{"line":269,"column":null}},"line":269},"26":{"name":"(anonymous_26)","decl":{"start":{"line":273,"column":2},"end":{"line":273,"column":22}},"loc":{"start":{"line":273,"column":84},"end":{"line":285,"column":null}},"line":273},"27":{"name":"(anonymous_27)","decl":{"start":{"line":287,"column":2},"end":{"line":287,"column":16}},"loc":{"start":{"line":287,"column":54},"end":{"line":294,"column":null}},"line":287},"28":{"name":"(anonymous_28)","decl":{"start":{"line":298,"column":2},"end":{"line":298,"column":21}},"loc":{"start":{"line":298,"column":59},"end":{"line":320,"column":null}},"line":298},"29":{"name":"(anonymous_29)","decl":{"start":{"line":307,"column":12},"end":{"line":307,"column":17}},"loc":{"start":{"line":307,"column":17},"end":{"line":313,"column":null}},"line":307},"30":{"name":"(anonymous_30)","decl":{"start":{"line":314,"column":13},"end":{"line":314,"column":14}},"loc":{"start":{"line":314,"column":21},"end":{"line":318,"column":null}},"line":314},"31":{"name":"(anonymous_31)","decl":{"start":{"line":324,"column":10},"end":{"line":324,"column":24}},"loc":{"start":{"line":324,"column":24},"end":{"line":327,"column":null}},"line":324},"32":{"name":"(anonymous_32)","decl":{"start":{"line":54,"column":3},"end":{"line":54,"column":null}},"loc":{"start":{"line":54,"column":3},"end":{"line":67,"column":null}},"line":54}},"branchMap":{"0":{"loc":{"start":{"line":31,"column":13},"end":{"line":31,"column":49}},"type":"binary-expr","locations":[{"start":{"line":31,"column":13},"end":{"line":31,"column":40}},{"start":{"line":31,"column":13},"end":{"line":31,"column":49}}],"line":31},"1":{"loc":{"start":{"line":31,"column":40},"end":{"line":31,"column":40}},"type":"binary-expr","locations":[{"start":{"line":31,"column":40},"end":{"line":31,"column":49}},{"start":{"line":31,"column":13},"end":{"line":31,"column":40}}],"line":31},"2":{"loc":{"start":{"line":31,"column":13},"end":{"line":30,"column":null}},"type":"binary-expr","locations":[{"start":{"line":31,"column":13},"end":{"line":31,"column":40}},{"start":{"line":31,"column":13},"end":{"line":31,"column":40}},{"start":{"line":31,"column":13},"end":{"line":30,"column":null}}],"line":31},"3":{"loc":{"start":{"line":101,"column":4},"end":{"line":106,"column":null}},"type":"if","locations":[{"start":{"line":101,"column":4},"end":{"line":106,"column":null}},{"start":{},"end":{}}],"line":101},"4":{"loc":{"start":{"line":108,"column":21},"end":{"line":110,"column":null}},"type":"cond-expr","locations":[{"start":{"line":109,"column":8},"end":{"line":109,"column":null}},{"start":{"line":110,"column":8},"end":{"line":110,"column":null}}],"line":108},"5":{"loc":{"start":{"line":117,"column":21},"end":{"line":117,"column":null}},"type":"binary-expr","locations":[{"start":{"line":117,"column":21},"end":{"line":117,"column":38}},{"start":{"line":117,"column":38},"end":{"line":117,"column":null}}],"line":117},"6":{"loc":{"start":{"line":119,"column":25},"end":{"line":119,"column":null}},"type":"binary-expr","locations":[{"start":{"line":119,"column":25},"end":{"line":119,"column":42}},{"start":{"line":119,"column":42},"end":{"line":119,"column":null}}],"line":119},"7":{"loc":{"start":{"line":120,"column":22},"end":{"line":120,"column":null}},"type":"binary-expr","locations":[{"start":{"line":120,"column":22},"end":{"line":120,"column":39}},{"start":{"line":120,"column":39},"end":{"line":120,"column":null}}],"line":120},"8":{"loc":{"start":{"line":139,"column":4},"end":{"line":142,"column":null}},"type":"if","locations":[{"start":{"line":139,"column":4},"end":{"line":142,"column":null}},{"start":{},"end":{}}],"line":139},"9":{"loc":{"start":{"line":140,"column":25},"end":{"line":140,"column":null}},"type":"cond-expr","locations":[{"start":{"line":140,"column":32},"end":{"line":140,"column":41}},{"start":{"line":140,"column":41},"end":{"line":140,"column":null}}],"line":140},"10":{"loc":{"start":{"line":146,"column":38},"end":{"line":146,"column":null}},"type":"cond-expr","locations":[{"start":{"line":146,"column":45},"end":{"line":146,"column":54}},{"start":{"line":146,"column":54},"end":{"line":146,"column":null}}],"line":146},"11":{"loc":{"start":{"line":153,"column":4},"end":{"line":153,"column":null}},"type":"if","locations":[{"start":{"line":153,"column":4},"end":{"line":153,"column":null}},{"start":{},"end":{}}],"line":153},"12":{"loc":{"start":{"line":156,"column":4},"end":{"line":156,"column":null}},"type":"if","locations":[{"start":{"line":156,"column":4},"end":{"line":156,"column":null}},{"start":{},"end":{}}],"line":156},"13":{"loc":{"start":{"line":167,"column":4},"end":{"line":169,"column":null}},"type":"if","locations":[{"start":{"line":167,"column":4},"end":{"line":169,"column":null}},{"start":{},"end":{}}],"line":167},"14":{"loc":{"start":{"line":176,"column":4},"end":{"line":176,"column":null}},"type":"if","locations":[{"start":{"line":176,"column":4},"end":{"line":176,"column":null}},{"start":{},"end":{}}],"line":176},"15":{"loc":{"start":{"line":180,"column":6},"end":{"line":182,"column":11}},"type":"cond-expr","locations":[{"start":{"line":180,"column":21},"end":{"line":181,"column":null}},{"start":{"line":182,"column":10},"end":{"line":182,"column":11}}],"line":180},"16":{"loc":{"start":{"line":181,"column":40},"end":{"line":181,"column":55}},"type":"binary-expr","locations":[{"start":{"line":181,"column":40},"end":{"line":181,"column":50}},{"start":{"line":181,"column":50},"end":{"line":181,"column":55}}],"line":181},"17":{"loc":{"start":{"line":187,"column":13},"end":{"line":187,"column":null}},"type":"binary-expr","locations":[{"start":{"line":187,"column":13},"end":{"line":187,"column":28}},{"start":{"line":187,"column":28},"end":{"line":187,"column":null}}],"line":187},"18":{"loc":{"start":{"line":188,"column":19},"end":{"line":188,"column":null}},"type":"binary-expr","locations":[{"start":{"line":188,"column":19},"end":{"line":188,"column":46}},{"start":{"line":188,"column":46},"end":{"line":188,"column":null}}],"line":188},"19":{"loc":{"start":{"line":190,"column":11},"end":{"line":190,"column":null}},"type":"binary-expr","locations":[{"start":{"line":190,"column":11},"end":{"line":190,"column":21}},{"start":{"line":190,"column":21},"end":{"line":190,"column":34}},{"start":{"line":190,"column":34},"end":{"line":190,"column":null}}],"line":190},"20":{"loc":{"start":{"line":191,"column":15},"end":{"line":191,"column":null}},"type":"binary-expr","locations":[{"start":{"line":191,"column":15},"end":{"line":191,"column":46}},{"start":{"line":191,"column":46},"end":{"line":191,"column":null}}],"line":191},"21":{"loc":{"start":{"line":192,"column":14},"end":{"line":192,"column":null}},"type":"binary-expr","locations":[{"start":{"line":192,"column":14},"end":{"line":192,"column":36}},{"start":{"line":192,"column":36},"end":{"line":192,"column":null}}],"line":192},"22":{"loc":{"start":{"line":218,"column":25},"end":{"line":218,"column":null}},"type":"cond-expr","locations":[{"start":{"line":218,"column":35},"end":{"line":218,"column":50}},{"start":{"line":218,"column":50},"end":{"line":218,"column":null}}],"line":218},"23":{"loc":{"start":{"line":234,"column":13},"end":{"line":234,"column":null}},"type":"binary-expr","locations":[{"start":{"line":234,"column":13},"end":{"line":234,"column":26}},{"start":{"line":234,"column":26},"end":{"line":234,"column":null}}],"line":234},"24":{"loc":{"start":{"line":236,"column":25},"end":{"line":236,"column":null}},"type":"binary-expr","locations":[{"start":{"line":236,"column":25},"end":{"line":236,"column":56}},{"start":{"line":236,"column":56},"end":{"line":236,"column":null}}],"line":236},"25":{"loc":{"start":{"line":237,"column":16},"end":{"line":237,"column":null}},"type":"binary-expr","locations":[{"start":{"line":237,"column":16},"end":{"line":237,"column":38}},{"start":{"line":237,"column":38},"end":{"line":237,"column":null}}],"line":237},"26":{"loc":{"start":{"line":250,"column":4},"end":{"line":250,"column":null}},"type":"if","locations":[{"start":{"line":250,"column":4},"end":{"line":250,"column":null}},{"start":{},"end":{}}],"line":250},"27":{"loc":{"start":{"line":263,"column":21},"end":{"line":265,"column":null}},"type":"cond-expr","locations":[{"start":{"line":264,"column":8},"end":{"line":264,"column":null}},{"start":{"line":265,"column":8},"end":{"line":265,"column":null}}],"line":263},"28":{"loc":{"start":{"line":264,"column":46},"end":{"line":264,"column":74}},"type":"binary-expr","locations":[{"start":{"line":264,"column":46},"end":{"line":264,"column":64}},{"start":{"line":264,"column":64},"end":{"line":264,"column":74}}],"line":264},"29":{"loc":{"start":{"line":276,"column":4},"end":{"line":280,"column":null}},"type":"if","locations":[{"start":{"line":276,"column":4},"end":{"line":280,"column":null}},{"start":{},"end":{}}],"line":276},"30":{"loc":{"start":{"line":276,"column":8},"end":{"line":276,"column":53}},"type":"binary-expr","locations":[{"start":{"line":276,"column":8},"end":{"line":276,"column":25}},{"start":{"line":276,"column":25},"end":{"line":276,"column":53}}],"line":276},"31":{"loc":{"start":{"line":282,"column":4},"end":{"line":284,"column":null}},"type":"if","locations":[{"start":{"line":282,"column":4},"end":{"line":284,"column":null}},{"start":{},"end":{}}],"line":282},"32":{"loc":{"start":{"line":288,"column":4},"end":{"line":288,"column":null}},"type":"if","locations":[{"start":{"line":288,"column":4},"end":{"line":288,"column":null}},{"start":{},"end":{}}],"line":288},"33":{"loc":{"start":{"line":288,"column":8},"end":{"line":288,"column":42}},"type":"binary-expr","locations":[{"start":{"line":288,"column":8},"end":{"line":288,"column":29}},{"start":{"line":288,"column":29},"end":{"line":288,"column":42}}],"line":288},"34":{"loc":{"start":{"line":300,"column":4},"end":{"line":300,"column":null}},"type":"if","locations":[{"start":{"line":300,"column":4},"end":{"line":300,"column":null}},{"start":{},"end":{}}],"line":300},"35":{"loc":{"start":{"line":302,"column":20},"end":{"line":304,"column":null}},"type":"cond-expr","locations":[{"start":{"line":303,"column":8},"end":{"line":303,"column":null}},{"start":{"line":304,"column":8},"end":{"line":304,"column":null}}],"line":302},"36":{"loc":{"start":{"line":310,"column":8},"end":{"line":312,"column":null}},"type":"if","locations":[{"start":{"line":310,"column":8},"end":{"line":312,"column":null}},{"start":{},"end":{}}],"line":310},"37":{"loc":{"start":{"line":326,"column":11},"end":{"line":326,"column":null}},"type":"binary-expr","locations":[{"start":{"line":326,"column":11},"end":{"line":326,"column":32}},{"start":{"line":326,"column":32},"end":{"line":326,"column":55}},{"start":{"line":326,"column":55},"end":{"line":326,"column":null}}],"line":326},"38":{"loc":{"start":{"line":58,"column":13},"end":{"line":58,"column":30}},"type":"binary-expr","locations":[{"start":{"line":58,"column":13},"end":{"line":58,"column":30}},{"start":{"line":58,"column":13},"end":{"line":58,"column":30}}],"line":58},"39":{"loc":{"start":{"line":54,"column":3},"end":{"line":78,"column":null}},"type":"if","locations":[{"start":{"line":54,"column":3},"end":{"line":78,"column":null}},{"start":{},"end":{}}],"line":54},"40":{"loc":{"start":{"line":58,"column":13},"end":{"line":69,"column":12}},"type":"binary-expr","locations":[{"start":{"line":58,"column":13},"end":{"line":58,"column":30}},{"start":{"line":58,"column":13},"end":{"line":58,"column":30}},{"start":{"line":58,"column":13},"end":{"line":69,"column":12}}],"line":58},"41":{"loc":{"start":{"line":58,"column":13},"end":{"line":58,"column":null}},"type":"binary-expr","locations":[{"start":{"line":58,"column":13},"end":{"line":58,"column":30}},{"start":{"line":58,"column":13},"end":{"line":58,"column":30}},{"start":{"line":58,"column":13},"end":{"line":58,"column":null}}],"line":58}},"s":{"0":2,"1":2,"2":0,"3":0,"4":0,"5":2,"6":2,"7":23,"8":23,"9":23,"10":23,"11":23,"12":23,"13":23,"14":23,"15":23,"16":23,"17":2,"18":23,"19":23,"20":23,"21":23,"22":16,"23":0,"24":0,"25":0,"26":1,"27":1,"28":10,"29":10,"30":10,"31":2,"32":2,"33":2,"34":2,"35":8,"36":10,"37":7,"38":7,"39":0,"40":7,"41":7,"42":1,"43":1,"44":1,"45":1,"46":1,"47":1,"48":1,"49":0,"50":0,"51":1,"52":1,"53":0,"54":3,"55":0,"56":3,"57":3,"58":1,"59":2,"60":2,"61":2,"62":2,"63":1,"64":1,"65":1,"66":0,"67":1,"68":0,"69":1,"70":1,"71":1,"72":1,"73":0,"74":0,"75":0,"76":0,"77":0,"78":0,"79":0,"80":0,"81":0,"82":0,"83":3,"84":0,"85":3,"86":3,"87":3,"88":3,"89":0,"90":2,"91":2,"92":0,"93":0,"94":2,"95":1,"96":3,"97":0,"98":3,"99":3,"100":3,"101":3,"102":3,"103":2,"104":1,"105":3,"106":1,"107":1,"108":1,"109":1,"110":0,"111":0,"112":0,"113":11,"114":11,"115":2,"116":23,"117":2},"f":{"0":0,"1":0,"2":23,"3":16,"4":0,"5":1,"6":10,"7":7,"8":0,"9":1,"10":1,"11":1,"12":0,"13":3,"14":2,"15":1,"16":0,"17":1,"18":0,"19":0,"20":0,"21":0,"22":0,"23":3,"24":3,"25":0,"26":2,"27":3,"28":3,"29":1,"30":0,"31":11,"32":2},"b":{"0":[0,0],"1":[0,0],"2":[2,2,2],"3":[2,8],"4":[8,0],"5":[0,0],"6":[0,0],"7":[0,0],"8":[0,1],"9":[0,0],"10":[0,0],"11":[0,3],"12":[1,2],"13":[1,1],"14":[0,1],"15":[0,0],"16":[0,0],"17":[1,0],"18":[1,1],"19":[1,0,0],"20":[1,1],"21":[1,1],"22":[0,0],"23":[0,0],"24":[0,0],"25":[0,0],"26":[0,3],"27":[1,2],"28":[1,0],"29":[0,2],"30":[2,0],"31":[1,1],"32":[0,3],"33":[3,3],"34":[2,1],"35":[0,1],"36":[1,0],"37":[11,3,2],"38":[23,23],"39":[23,0],"40":[2,2,2],"41":[2,2,2]},"meta":{"lastBranch":42,"lastFunction":33,"lastStatement":118,"seen":{"s:26:0:26:Infinity":0,"s:31:6:31:49":1,"s:31:13:31:49":2,"f:32:11:32:24":0,"s:33:4:33:Infinity":3,"f:36:11:36:23":1,"s:37:4:37:Infinity":4,"b:31:13:31:40:31:13:31:49":0,"b:31:40:31:49:31:13:31:40":1,"s:31:13:30:Infinity":5,"b:31:13:31:40:31:13:31:40:31:13:30:Infinity":2,"s:58:6:48:Infinity":6,"s:67:28:67:Infinity":7,"s:68:23:68:Infinity":8,"s:69:25:69:Infinity":9,"s:71:11:71:Infinity":10,"s:72:17:72:Infinity":11,"s:74:46:74:Infinity":12,"s:75:24:75:Infinity":13,"s:76:29:76:Infinity":14,"s:77:12:77:Infinity":15,"s:78:29:78:Infinity":16,"s:58:13:48:Infinity":17,"f:60:2:60:Infinity":2,"s:61:12:61:Infinity":18,"s:62:12:62:Infinity":19,"s:63:12:63:Infinity":20,"s:64:12:64:36":21,"f:80:6:80:14":3,"s:81:4:81:Infinity":22,"f:84:2:84:10":4,"s:85:4:85:Infinity":23,"s:86:4:86:Infinity":24,"s:87:4:87:Infinity":25,"f:90:2:90:12":5,"s:91:4:91:Infinity":26,"s:92:4:92:Infinity":27,"f:97:2:97:12":6,"s:98:24:98:Infinity":28,"s:99:19:99:Infinity":29,"b:101:4:106:Infinity:undefined:undefined:undefined:undefined":3,"s:101:4:106:Infinity":30,"s:102:6:102:Infinity":31,"s:103:6:103:Infinity":32,"s:104:6:104:Infinity":33,"s:105:6:105:Infinity":34,"s:108:21:110:Infinity":35,"b:109:8:109:Infinity:110:8:110:Infinity":4,"s:112:4:132:Infinity":36,"f:113:12:113:21":7,"s:114:8:114:Infinity":37,"s:115:8:122:Infinity":38,"f:115:33:115:43":8,"s:115:33:122:Infinity":39,"b:117:21:117:38:117:38:117:Infinity":5,"b:119:25:119:42:119:42:119:Infinity":6,"b:120:22:120:39:120:39:120:Infinity":7,"s:123:8:123:Infinity":40,"s:124:8:124:Infinity":41,"f:126:13:126:18":9,"s:127:8:127:Infinity":42,"s:128:8:128:Infinity":43,"s:129:8:129:Infinity":44,"s:130:8:130:Infinity":45,"f:135:2:135:17":10,"s:136:17:136:Infinity":46,"s:137:24:137:Infinity":47,"b:139:4:142:Infinity:undefined:undefined:undefined:undefined":8,"s:139:4:142:Infinity":48,"s:140:6:140:Infinity":49,"b:140:32:140:41:140:41:140:Infinity":9,"s:141:6:141:Infinity":50,"s:144:4:147:Infinity":51,"f:145:12:145:21":11,"s:145:21:145:Infinity":52,"f:146:13:146:19":12,"s:146:19:146:Infinity":53,"b:146:45:146:54:146:54:146:Infinity":10,"f:152:2:152:23":13,"b:153:4:153:Infinity:undefined:undefined:undefined:undefined":11,"s:153:4:153:Infinity":54,"s:153:24:153:Infinity":55,"s:154:19:154:Infinity":56,"b:156:4:156:Infinity:undefined:undefined:undefined:undefined":12,"s:156:4:156:Infinity":57,"s:156:42:156:Infinity":58,"s:158:4:158:Infinity":59,"f:161:2:161:Infinity":14,"s:165:4:165:Infinity":60,"s:166:4:166:Infinity":61,"b:167:4:169:Infinity:undefined:undefined:undefined:undefined":13,"s:167:4:169:Infinity":62,"s:168:6:168:Infinity":63,"f:174:2:174:22":15,"s:175:19:175:Infinity":64,"b:176:4:176:Infinity:undefined:undefined:undefined:undefined":14,"s:176:4:176:Infinity":65,"s:176:17:176:Infinity":66,"s:179:4:182:Infinity":67,"f:179:34:179:Infinity":16,"s:180:6:182:11":68,"b:180:21:181:Infinity:182:10:182:11":15,"b:181:40:181:50:181:50:181:55":16,"s:184:4:184:Infinity":69,"s:186:20:193:Infinity":70,"b:187:13:187:28:187:28:187:Infinity":17,"b:188:19:188:46:188:46:188:Infinity":18,"b:190:11:190:21:190:21:190:34:190:34:190:Infinity":19,"b:191:15:191:46:191:46:191:Infinity":20,"b:192:14:192:36:192:36:192:Infinity":21,"s:196:4:202:Infinity":71,"f:197:12:197:18":17,"s:197:18:197:Infinity":72,"f:198:13:198:18":18,"s:199:8:199:Infinity":73,"s:200:8:200:Infinity":74,"f:208:2:208:19":19,"s:209:16:209:Infinity":75,"s:210:20:210:Infinity":76,"s:212:22:221:Infinity":77,"b:218:35:218:50:218:50:218:Infinity":22,"s:223:4:223:Infinity":78,"f:223:38:223:48":20,"s:223:48:223:73":79,"f:226:2:226:17":21,"s:227:22:240:Infinity":80,"b:234:13:234:26:234:26:234:Infinity":23,"b:236:25:236:56:236:56:236:Infinity":24,"b:237:16:237:38:237:38:237:Infinity":25,"s:242:4:243:Infinity":81,"f:242:38:242:Infinity":22,"s:243:6:243:51":82,"f:249:2:249:15":23,"b:250:4:250:Infinity:undefined:undefined:undefined:undefined":26,"s:250:4:250:Infinity":83,"s:250:17:250:Infinity":84,"s:252:20:260:Infinity":85,"s:263:21:265:Infinity":86,"b:264:8:264:Infinity:265:8:265:Infinity":27,"b:264:46:264:64:264:64:264:74":28,"s:267:4:270:Infinity":87,"f:268:12:268:18":24,"s:268:18:268:Infinity":88,"f:269:13:269:19":25,"s:269:19:269:Infinity":89,"f:273:2:273:22":26,"s:274:4:274:Infinity":90,"b:276:4:280:Infinity:undefined:undefined:undefined:undefined":29,"s:276:4:280:Infinity":91,"b:276:8:276:25:276:25:276:53":30,"s:278:6:278:Infinity":92,"s:279:6:279:Infinity":93,"b:282:4:284:Infinity:undefined:undefined:undefined:undefined":31,"s:282:4:284:Infinity":94,"s:283:6:283:Infinity":95,"f:287:2:287:16":27,"b:288:4:288:Infinity:undefined:undefined:undefined:undefined":32,"s:288:4:288:Infinity":96,"b:288:8:288:29:288:29:288:42":33,"s:288:42:288:Infinity":97,"s:290:19:290:Infinity":98,"s:291:23:291:Infinity":99,"s:293:4:293:Infinity":100,"f:298:2:298:21":28,"s:299:19:299:Infinity":101,"b:300:4:300:Infinity:undefined:undefined:undefined:undefined":34,"s:300:4:300:Infinity":102,"s:300:17:300:Infinity":103,"s:302:20:304:Infinity":104,"b:303:8:303:Infinity:304:8:304:Infinity":35,"s:306:4:319:Infinity":105,"f:307:12:307:17":29,"s:308:8:308:Infinity":106,"s:309:21:309:Infinity":107,"b:310:8:312:Infinity:undefined:undefined:undefined:undefined":36,"s:310:8:312:Infinity":108,"s:311:10:311:Infinity":109,"f:314:13:314:14":30,"s:315:8:315:Infinity":110,"s:316:8:316:Infinity":111,"s:317:8:317:Infinity":112,"f:324:10:324:24":31,"s:325:17:325:Infinity":113,"s:326:4:326:Infinity":114,"b:326:11:326:32:326:32:326:55:326:55:326:Infinity":37,"s:58:13:58:Infinity":115,"b:58:13:58:30:58:13:58:30":38,"f:54:3:54:Infinity":32,"b:54:3:78:Infinity:undefined:undefined:undefined:undefined":39,"s:54:3:78:Infinity":116,"s:58:13:69:12":117,"b:58:13:58:30:58:13:58:30:58:13:69:12":40,"b:58:13:58:30:58:13:58:30:58:13:58:Infinity":41}}}
,"C:\\Users\\rubym\\Documents\\full\\frontend\\src\\app\\components\\calendar-event-dialog\\calendar-event-dialog.html": {"path":"C:\\Users\\rubym\\Documents\\full\\frontend\\src\\app\\components\\calendar-event-dialog\\calendar-event-dialog.html","statementMap":{"0":{"start":{"line":34,"column":4},"end":{"line":35,"column":null}},"1":{"start":{"line":36,"column":23},"end":{"line":36,"column":53}},"2":{"start":{"line":38,"column":8},"end":{"line":38,"column":26}},"3":{"start":{"line":38,"column":42},"end":{"line":38,"column":76}},"4":{"start":{"line":38,"column":76},"end":{"line":38,"column":null}},"5":{"start":{"line":39,"column":8},"end":{"line":39,"column":26}},"6":{"start":{"line":39,"column":41},"end":{"line":39,"column":77}},"7":{"start":{"line":39,"column":77},"end":{"line":40,"column":null}},"8":{"start":{"line":36,"column":53},"end":{"line":36,"column":null}},"9":{"start":{"line":38,"column":26},"end":{"line":38,"column":42}},"10":{"start":{"line":39,"column":26},"end":{"line":39,"column":41}},"11":{"start":{"line":45,"column":6},"end":{"line":45,"column":null}},"12":{"start":{"line":46,"column":77},"end":{"line":46,"column":null}},"13":{"start":{"line":46,"column":77},"end":{"line":46,"column":87}},"14":{"start":{"line":46,"column":8},"end":{"line":46,"column":31}},"15":{"start":{"line":48,"column":8},"end":{"line":48,"column":14}},"16":{"start":{"line":48,"column":14},"end":{"line":48,"column":29}},"17":{"start":{"line":48,"column":29},"end":{"line":48,"column":null}},"18":{"start":{"line":46,"column":31},"end":{"line":46,"column":76}},"19":{"start":{"line":46,"column":31},"end":{"line":46,"column":77}},"20":{"start":{"line":51,"column":6},"end":{"line":51,"column":9}},"21":{"start":{"line":51,"column":9},"end":{"line":51,"column":45}},"22":{"start":{"line":51,"column":45},"end":{"line":51,"column":null}},"23":{"start":{"line":60,"column":2},"end":{"line":60,"column":44}},"24":{"start":{"line":60,"column":44},"end":{"line":60,"column":61}},"25":{"start":{"line":60,"column":44},"end":{"line":60,"column":53}},"26":{"start":{"line":61,"column":4},"end":{"line":61,"column":null}},"27":{"start":{"line":62,"column":2},"end":{"line":62,"column":null}},"28":{"start":{"line":60,"column":61},"end":{"line":60,"column":86}},"29":{"start":{"line":1,"column":0},"end":{"line":1,"column":null}},"30":{"start":{"line":2,"column":2},"end":{"line":2,"column":null}},"31":{"start":{"line":3,"column":0},"end":{"line":3,"column":null}},"32":{"start":{"line":5,"column":0},"end":{"line":7,"column":null}},"33":{"start":{"line":8,"column":15},"end":{"line":8,"column":20}},"34":{"start":{"line":8,"column":20},"end":{"line":8,"column":null}},"35":{"start":{"line":9,"column":4},"end":{"line":9,"column":20}},"36":{"start":{"line":9,"column":20},"end":{"line":9,"column":40}},"37":{"start":{"line":9,"column":4},"end":{"line":9,"column":null}},"38":{"start":{"line":12,"column":2},"end":{"line":12,"column":null}},"39":{"start":{"line":13,"column":15},"end":{"line":13,"column":26}},"40":{"start":{"line":13,"column":26},"end":{"line":13,"column":null}},"41":{"start":{"line":14,"column":4},"end":{"line":14,"column":23}},"42":{"start":{"line":14,"column":23},"end":{"line":14,"column":49}},"43":{"start":{"line":14,"column":73},"end":{"line":14,"column":null}},"44":{"start":{"line":17,"column":2},"end":{"line":17,"column":null}},"45":{"start":{"line":18,"column":15},"end":{"line":18,"column":20}},"46":{"start":{"line":18,"column":20},"end":{"line":18,"column":null}},"47":{"start":{"line":19,"column":4},"end":{"line":19,"column":42}},"48":{"start":{"line":19,"column":42},"end":{"line":19,"column":67}},"49":{"start":{"line":19,"column":4},"end":{"line":19,"column":null}},"50":{"start":{"line":22,"column":2},"end":{"line":22,"column":null}},"51":{"start":{"line":23,"column":15},"end":{"line":23,"column":19}},"52":{"start":{"line":23,"column":19},"end":{"line":23,"column":null}},"53":{"start":{"line":24,"column":4},"end":{"line":24,"column":42}},"54":{"start":{"line":24,"column":42},"end":{"line":24,"column":65}},"55":{"start":{"line":24,"column":4},"end":{"line":24,"column":null}},"56":{"start":{"line":27,"column":2},"end":{"line":27,"column":null}},"57":{"start":{"line":28,"column":22},"end":{"line":28,"column":46}},"58":{"start":{"line":28,"column":70},"end":{"line":28,"column":null}},"59":{"start":{"line":31,"column":2},"end":{"line":31,"column":null}},"60":{"start":{"line":32,"column":15},"end":{"line":32,"column":38}},"61":{"start":{"line":32,"column":38},"end":{"line":32,"column":null}},"62":{"start":{"line":34,"column":4},"end":{"line":34,"column":36}},"63":{"start":{"line":43,"column":4},"end":{"line":43,"column":null}},"64":{"start":{"line":44,"column":6},"end":{"line":44,"column":null}},"65":{"start":{"line":53,"column":4},"end":{"line":54,"column":null}},"66":{"start":{"line":58,"column":0},"end":{"line":58,"column":null}},"67":{"start":{"line":59,"column":21},"end":{"line":59,"column":39}},"68":{"start":{"line":59,"column":21},"end":{"line":59,"column":37}},"69":{"start":{"line"
[...]
,"C:\\Users\\rubym\\Documents\\full\\frontend\\src\\app\\services\\user.service.ts": {"path":"C:\\Users\\rubym\\Documents\\full\\frontend\\src\\app\\services\\user.service.ts","statementMap":{"0":{"start":{"line":21,"column":20},"end":{"line":21,"column":null}},"1":{"start":{"line":24,"column":6},"end":{"line":23,"column":34}},"2":{"start":{"line":26,"column":19},"end":{"line":26,"column":null}},"3":{"start":{"line":28,"column":11},"end":{"line":29,"column":null}},"4":{"start":{"line":24,"column":13},"end":{"line":23,"column":34}},"5":{"start":{"line":32,"column":22},"end":{"line":32,"column":48}},"6":{"start":{"line":32,"column":48},"end":{"line":32,"column":62}},"7":{"start":{"line":35,"column":4},"end":{"line":35,"column":null}},"8":{"start":{"line":36,"column":4},"end":{"line":36,"column":null}},"9":{"start":{"line":40,"column":4},"end":{"line":40,"column":null}},"10":{"start":{"line":41,"column":4},"end":{"line":41,"column":null}},"11":{"start":{"line":42,"column":4},"end":{"line":42,"column":null}},"12":{"start":{"line":46,"column":4},"end":{"line":46,"column":null}},"13":{"start":{"line":50,"column":4},"end":{"line":50,"column":null}},"14":{"start":{"line":54,"column":4},"end":{"line":54,"column":null}},"15":{"start":{"line":58,"column":4},"end":{"line":58,"column":null}},"16":{"start":{"line":62,"column":4},"end":{"line":62,"column":null}},"17":{"start":{"line":66,"column":4},"end":{"line":66,"column":null}},"18":{"start":{"line":70,"column":4},"end":{"line":70,"column":null}},"19":{"start":{"line":70,"column":18},"end":{"line":70,"column":null}},"20":{"start":{"line":71,"column":4},"end":{"line":71,"column":null}},"21":{"start":{"line":75,"column":21},"end":{"line":75,"column":null}},"22":{"start":{"line":76,"column":4},"end":{"line":76,"column":null}},"23":{"start":{"line":77,"column":4},"end":{"line":77,"column":null}},"24":{"start":{"line":81,"column":4},"end":{"line":81,"column":null}},"25":{"start":{"line":24,"column":13},"end":{"line":24,"column":null}},"26":{"start":{"line":24,"column":13},"end":{"line":23,"column":null}}},"fnMap":{"0":{"name":"(anonymous_0)","decl":{"start":{"line":32,"column":2},"end":{"line":32,"column":22}},"loc":{"start":{"line":32,"column":62},"end":{"line":32,"column":null}},"line":32},"1":{"name":"(anonymous_1)","decl":{"start":{"line":34,"column":2},"end":{"line":34,"column":17}},"loc":{"start":{"line":34,"column":27},"end":{"line":37,"column":null}},"line":34},"2":{"name":"(anonymous_2)","decl":{"start":{"line":39,"column":2},"end":{"line":39,"column":12}},"loc":{"start":{"line":39,"column":12},"end":{"line":43,"column":null}},"line":39},"3":{"name":"(anonymous_3)","decl":{"start":{"line":45,"column":2},"end":{"line":45,"column":10}},"loc":{"start":{"line":45,"column":20},"end":{"line":47,"column":null}},"line":45},"4":{"name":"(anonymous_4)","decl":{"start":{"line":49,"column":2},"end":{"line":49,"column":13}},"loc":{"start":{"line":49,"column":23},"end":{"line":51,"column":null}},"line":49},"5":{"name":"(anonymous_5)","decl":{"start":{"line":53,"column":2},"end":{"line":53,"column":12}},"loc":{"start":{"line":53,"column":38},"end":{"line":55,"column":null}},"line":53},"6":{"name":"(anonymous_6)","decl":{"start":{"line":57,"column":2},"end":{"line":57,"column":24}},"loc":{"start":{"line":57,"column":43},"end":{"line":59,"column":null}},"line":57},"7":{"name":"(anonymous_7)","decl":{"start":{"line":61,"column":2},"end":{"line":61,"column":19}},"loc":{"start":{"line":61,"column":29},"end":{"line":63,"column":null}},"line":61},"8":{"name":"(anonymous_8)","decl":{"start":{"line":65,"column":2},"end":{"line":65,"column":14}},"loc":{"start":{"line":65,"column":37},"end":{"line":67,"column":null}},"line":65},"9":{"name":"(anonymous_9)","decl":{"start":{"line":69,"column":2},"end":{"line":69,"column":14}},"loc":{"start":{"line":69,"column":41},"end":{"line":72,"column":null}},"line":69},"10":{"name":"(anonymous_10)","decl":{"start":{"line":74,"column":2},"end":{"line":74,"column":14}},"loc":{"start":{"line":74,"column":24},"end":{"line":78,"column":null}},"line":74},"11":{"name":"(anonymous_11)","decl":{"start":{"line":80,"column":2},"end":{"line":80,"column":18}},"loc":{"start":{"line":80,"column":49},"end":{"line":82,"column":null}},"line":80}},"branchMap":{"0":{"loc":{"start":{"line":29,"column":15},"end":{"line":29,"column":60}},"type":"binary-expr","locations":[{"start":{"line":29,"column":15},"end":{"line":29,"column":54}},{"start":{"line":29,"column":54},"end":{"line":29,"column":60}}],"line":29},"1":{"loc":{"start":{"line":29,"column":61},"end":{"line":29,"column":null}},"type":"cond-expr","locations":[{"start":{"line":29,"column":61},"end":{"line":29,"column":null}}],"line":29},"2":{"loc":{"start":{"line":70,"column":4},"end":{"line":70,"column":null}},"type":"if","locations":[{"start":{"line":70,"column":4},"end":{"line":70,"column":null}},{"start":{},"end":{}}],"line":70},"3":{"loc":{"start":{"line":24,"column":13},"end":{"line":24,"column":24}},"type":"binary-expr","locations":[{"start":{"line":24,"column":13},"end":{"line":24,"column":24}},{"start":{"line":24,"column":13},"end":{"line":24,"column":24}}],"line":24},"4":{"loc":{"start":{"line":24,"column":13},"end":{"line":23,"column":null}},"type":"binary-expr","locations":[{"start":{"line":24,"column":13},"end":{"line":24,"column":24}},{"start":{"line":24,"column":13},"end":{"line":24,"column":24}},{"start":{"line":24,"column":13},"end":{"line":23,"column":null}}],"line":24}},"s":{"0":6,"1":6,"2":9,"3":9,"4":6,"5":9,"6":9,"7":0,"8":0,"9":0,"10":0,"11":0,"12":0,"13":0,"14":0,"15":0,"16":1,"17":0,"18":0,"19":0,"20":0,"21":0,"22":0,"23":0,"24":0,"25":9,"26":6},"f":{"0":9,"1":0,"2":0,"3":0,"4":0,"5":0,"6":0,"7":1,"8":0,"9":0,"10":0,"11":0},"b":{"0":[9,9],"1":[9],"2":[0,0],"3":[9,9],"4":[6,6,6]},"meta":{"lastBranch":5,"lastFunction":12,"lastStatement":27,"seen":{"s:21:20:21:Infinity":0,"s:24:6:23:34":1,"s:26:19:26:Infinity":2,"s:28:11:29:Infinity":3,"s:24:13:23:34":4,"b:29:15:29:54:29:54:29:60":0,"b:29:61:29:Infinity":1,"f:32:2:32:22":0,"s:32:22:32:48":5,"s:32:48:32:62":6,"f:34:2:34:17":1,"s:35:4:35:Infinity":7,"s:36:4:36:Infinity":8,"f:39:2:39:12":2,"s:40:4:40:Infinity":9,"s:41:4:41:Infinity":10,"s:42:4:42:Infinity":11,"f:45:2:45:10":3,"s:46:4:46:Infinity":12,"f:49:2:49:13":4,"s:50:4:50:Infinity":13,"f:53:2:53:12":5,"s:54:4:54:Infinity":14,"f:57:2:57:24":6,"s:58:4:58:Infinity":15,"f:61:2:61:19":7,"s:62:4:62:Infinity":16,"f:65:2:65:14":8,"s:66:4:66:Infinity":17,"f:69:2:69:14":9,"b:70:4:70:Infinity:undefined:undefined:undefined:undefined":2,"s:70:4:70:Infinity":18,"s:70:18:70:Infinity":19,"s:71:4:71:Infinity":20,"f:74:2:74:14":10,"s:75:21:75:Infinity":21,"s:76:4:76:Infinity":22,"s:77:4:77:Infinity":23,"f:80:2:80:18":11,"s:81:4:81:Infinity":24,"s:24:13:24:Infinity":25,"b:24:13:24:24:24:13:24:24":3,"s:24:13:23:Infinity":26,"b:24:13:24:24:24:13:24:24:24:13:23:Infinity":4}}}
,"C:\\Users\\rubym\\Documents\\full\\frontend\\src\\app\\services\\member\\member-service.ts": {"path":"C:\\Users\\rubym\\Documents\\full\\frontend\\src\\app\\services\\member\\member-service.ts","statementMap":{"0":{"start":{"line":7,"column":6},"end":{"line":5,"column":null}},"1":{"start":{"line":8,"column":10},"end":{"line":8,"column":null}},"2":{"start":{"line":10,"column":32},"end":{"line":10,"column":null}},"3":{"start":{"line":11,"column":10},"end":{"line":11,"column":null}},"4":{"start":{"line":13,"column":12},"end":{"line":13,"column":null}},"5":{"start":{"line":7,"column":13},"end":{"line":5,"column":null}},"6":{"start":{"line":17,"column":4},"end":{"line":17,"column":null}},"7":{"start":{"line":22,"column":24},"end":{"line":22,"column":null}},"8":{"start":{"line":24,"column":4},"end":{"line":27,"column":null}},"9":{"start":{"line":25,"column":6},"end":{"line":25,"column":null}},"10":{"start":{"line":26,"column":6},"end":{"line":26,"column":null}},"11":{"start":{"line":29,"column":4},"end":{"line":29,"column":null}},"12":{"start":{"line":31,"column":4},"end":{"line":34,"column":null}},"13":{"start":{"line":32,"column":25},"end":{"line":32,"column":null}},"14":{"start":{"line":33,"column":24},"end":{"line":33,"column":null}},"15":{"start":{"line":38,"column":4},"end":{"line":38,"column":null}},"16":{"start":{"line":42,"column":4},"end":{"line":42,"column":null}},"17":{"start":{"line":42,"column":38},"end":{"line":42,"column":55}},"18":{"start":{"line":7,"column":13},"end":{"line":7,"column":null}},"19":{"start":{"line":7,"column":13},"end":{"line":6,"column":null}}},"fnMap":{"0":{"name":"(anonymous_0)","decl":{"start":{"line":16,"column":2},"end":{"line":16,"column":10}},"loc":{"start":{"line":16,"column":10},"end":{"line":18,"column":null}},"line":16},"1":{"name":"(anonymous_1)","decl":{"start":{"line":20,"column":2},"end":{"line":20,"column":13}},"loc":{"start":{"line":20,"column":13},"end":{"line":35,"column":null}},"line":20},"2":{"name":"(anonymous_2)","decl":{"start":{"line":32,"column":12},"end":{"line":32,"column":13}},"loc":{"start":{"line":32,"column":25},"end":{"line":32,"column":null}},"line":32},"3":{"name":"(anonymous_3)","decl":{"start":{"line":33,"column":13},"end":{"line":33,"column":14}},"loc":{"start":{"line":33,"column":24},"end":{"line":33,"column":null}},"line":33},"4":{"name":"(anonymous_4)","decl":{"start":{"line":37,"column":2},"end":{"line":37,"column":13}},"loc":{"start":{"line":37,"column":31},"end":{"line":39,"column":null}},"line":37},"5":{"name":"(anonymous_5)","decl":{"start":{"line":41,"column":2},"end":{"line":41,"column":12}},"loc":{"start":{"line":41,"column":24},"end":{"line":43,"column":null}},"line":41},"6":{"name":"(anonymous_6)","decl":{"start":{"line":42,"column":30},"end":{"line":42,"column":38}},"loc":{"start":{"line":42,"column":38},"end":{"line":42,"column":55}},"line":42}},"branchMap":{"0":{"loc":{"start":{"line":11,"column":43},"end":{"line":11,"column":null}},"type":"cond-expr","locations":[{"start":{"line":11,"column":43},"end":{"line":11,"column":null}}],"line":11},"1":{"loc":{"start":{"line":24,"column":4},"end":{"line":27,"column":null}},"type":"if","locations":[{"start":{"line":24,"column":4},"end":{"line":27,"column":null}},{"start":{},"end":{}}],"line":24},"2":{"loc":{"start":{"line":7,"column":13},"end":{"line":7,"column":26}},"type":"binary-expr","locations":[{"start":{"line":7,"column":13},"end":{"line":7,"column":26}},{"start":{"line":7,"column":13},"end":{"line":7,"column":26}}],"line":7},"3":{"loc":{"start":{"line":7,"column":13},"end":{"line":6,"column":null}},"type":"binary-expr","locations":[{"start":{"line":7,"column":13},"end":{"line":7,"column":26}},{"start":{"line":7,"column":13},"end":{"line":7,"column":26}},{"start":{"line":7,"column":13},"end":{"line":6,"column":null}}],"line":7}},"s":{"0":2,"1":0,"2":0,"3":0,"4":0,"5":2,"6":0,"7":0,"8":0,"9":0,"10":0,"11":0,"12":0,"13":0,"14":0,"15":0,"16":0,"17":0,"18":0,"19":2},"f":{"0":0,"1":0,"2":0,"3":0,"4":0,"5":0,"6":0},"b":{"0":[0],"1":[0,0],"2":[0,0],"3":[2,2,2]},"meta":{"lastBranch":4,"lastFunction":7,"lastStatement":20,"seen":{"s:7:6:5:Infinity":0,"s:8:10:8:Infinity":1,"s:10:32:10:Infinity":2,"s:11:10:11:Infinity":3,"s:13:12:13:Infinity":4,"s:7:13:5:Infinity":5,"b:11:43:11:Infinity":0,"f:16:2:16:10":0,"s:17:4:17:Infinity":6,"f:20:2:20:13":1,"s:22:24:22:Infinity":7,"b:24:4:27:Infinity:undefined:undefined:undefined:undefined":1,"s:24:4:27:Infinity":8,"s:25:6:25:Infinity":9,"s:26:6:26:Infinity":10,"s:29:4:29:Infinity":11,"s:31:4:34:Infinity":12,"f:32:12:32:13":2,"s:32:25:32:Infinity":13,"f:33:13:33:14":3,"s:33:24:33:Infinity":14,"f:37:2:37:13":4,"s:38:4:38:Infinity":15,"f:41:2:41:12":5,"s:42:4:42:Infinity":16,"f:42:30:42:38":6,"s:42:38:42:55":17,"s:7:13:7:Infinity":18,"b:7:13:7:26:7:13:7:26":2,"s:7:13:6:Infinity":19,"b:7:13:7:26:7:13:7:26:7:13:6:Infinity":3}}}
,"C:\\Users\\rubym\\Documents\\full\\frontend\\src\\app\\services\\message\\message.service.ts": {"path":"C:\\Users\\rubym\\Documents\\full\\frontend\\src\\app\\services\\message\\message.service.ts","statementMap":{"0":{"start":{"line":17,"column":6},"end":{"line":15,"column":null}},"1":{"start":{"line":19,"column":19},"end":{"line":19,"column":null}},"2":{"start":{"line":17,"column":13},"end":{"line":15,"column":null}},"3":{"start":{"line":21,"column":22},"end":{"line":21,"column":38}},"4":{"start":{"line":24,"column":4},"end":{"line":24,"column":null}},"5":{"start":{"line":17,"column":13},"end":{"line":17,"column":null}},"6":{"start":{"line":17,"column":13},"end":{"line":16,"column":null}}},"fnMap":{"0":{"name":"(anonymous_0)","decl":{"start":{"line":21,"column":2},"end":{"line":21,"column":22}},"loc":{"start":{"line":21,"column":38},"end":{"line":21,"column":null}},"line":21},"1":{"name":"(anonymous_1)","decl":{"start":{"line":23,"column":2},"end":{"line":23,"column":14}},"loc":{"start":{"line":23,"column":33},"end":{"line":25,"column":null}},"line":23}},"branchMap":{"0":{"loc":{"start":{"line":17,"column":13},"end":{"line":17,"column":27}},"type":"binary-expr","locations":[{"start":{"line":17,"column":13},"end":{"line":17,"column":27}},{"start":{"line":17,"column":13},"end":{"line":17,"column":27}}],"line":17},"1":{"loc":{"start":{"line":17,"column":13},"end":{"line":16,"column":null}},"type":"binary-expr","locations":[{"start":{"line":17,"column":13},"end":{"line":17,"column":27}},{"start":{"line":17,"column":13},"end":{"line":17,"column":27}},{"start":{"line":17,"column":13},"end":{"line":16,"column":null}}],"line":17}},"s":{"0":3,"1":3,"2":3,"3":3,"4":3,"5":3,"6":3},"f":{"0":3,"1":3},"b":{"0":[3,3],"1":[3,3,3]},"meta":{"lastBranch":2,"lastFunction":2,"lastStatement":7,"seen":{"s:17:6:15:Infinity":0,"s:19:19:19:Infinity":1,"s:17:13:15:Infinity":2,"f:21:2:21:22":0,"s:21:22:21:38":3,"f:23:2:23:14":1,"s:24:4:24:Infinity":4,"s:17:13:17:Infinity":5,"b:17:13:17:27:17:13:17:27":0,"s:17:13:16:Infinity":6,"b:17:13:17:27:17:13:17:27:17:13:16:Infinity":1}}}
,"C:\\Users\\rubym\\Documents\\full\\frontend\\src\\app\\services\\websocket\\web-socket.service.ts": {"path":"C:\\Users\\rubym\\Documents\\full\\frontend\\src\\app\\services\\websocket\\web-socket.service.ts","statementMap":{"0":{"start":{"line":8,"column":6},"end":{"line":6,"column":null}},"1":{"start":{"line":11,"column":22},"end":{"line":11,"column":null}},"2":{"start":{"line":8,"column":13},"end":{"line":6,"column":null}},"3":{"start":{"line":13,"column":22},"end":{"line":13,"column":46}},"4":{"start":{"line":14,"column":23},"end":{"line":14,"column":null}},"5":{"start":{"line":15,"column":4},"end":{"line":18,"column":null}},"6":{"start":{"line":22,"column":4},"end":{"line":23,"column":null}},"7":{"start":{"line":26,"column":4},"end":{"line":35,"column":null}},"8":{"start":{"line":27,"column":6},"end":{"line":27,"column":null}},"9":{"start":{"line":28,"column":6},"end":{"line":28,"column":null}},"10":{"start":{"line":29,"column":6},"end":{"line":29,"column":null}},"11":{"start":{"line":31,"column":6},"end":{"line":34,"column":null}},"12":{"start":{"line":32,"column":21},"end":{"line":32,"column":null}},"13":{"start":{"line":33,"column":8},"end":{"line":33,"column":null}},"14":{"start":{"line":37,"column":4},"end":{"line":37,"column":null}},"15":{"start":{"line":41,"column":4},"end":{"line":41,"column":null}},"16":{"start":{"line":41,"column":25},"end":{"line":41,"column":null}},"17":{"start":{"line":43,"column":4},"end":{"line":46,"column":null}},"18":{"start":{"line":50,"column":4},"end":{"line":50,"column":null}},"19":{"start":{"line":51,"column":4},"end":{"line":51,"column":null}},"20":{"start":{"line":8,"column":13},"end":{"line":8,"column":null}},"21":{"start":{"line":8,"column":13},"end":{"line":7,"column":null}}},"fnMap":{"0":{"name":"(anonymous_0)","decl":{"start":{"line":13,"column":2},"end":{"line":13,"column":22}},"loc":{"start":{"line":13,"column":46},"end":{"line":19,"column":null}},"line":13},"1":{"name":"(anonymous_1)","decl":{"start":{"line":21,"column":2},"end":{"line":21,"column":10}},"loc":{"start":{"line":21,"column":85},"end":{"line":38,"column":null}},"line":21},"2":{"name":"(anonymous_2)","decl":{"start":{"line":26,"column":28},"end":{"line":26,"column":33}},"loc":{"start":{"line":26,"column":33},"end":{"line":35,"column":null}},"line":26},"3":{"name":"(anonymous_3)","decl":{"start":{"line":31,"column":62},"end":{"line":31,"column":72}},"loc":{"start":{"line":31,"column":72},"end":{"line":34,"column":7}},"line":31},"4":{"name":"(anonymous_4)","decl":{"start":{"line":40,"column":2},"end":{"line":40,"column":7}},"loc":{"start":{"line":40,"column":59},"end":{"line":47,"column":null}},"line":40},"5":{"name":"(anonymous_5)","decl":{"start":{"line":49,"column":2},"end":{"line":49,"column":12}},"loc":{"start":{"line":49,"column":12},"end":{"line":52,"column":null}},"line":49}},"branchMap":{"0":{"loc":{"start":{"line":14,"column":23},"end":{"line":14,"column":null}},"type":"cond-expr","locations":[{"start":{"line":14,"column":63},"end":{"line":14,"column":71}},{"start":{"line":14,"column":71},"end":{"line":14,"column":null}}],"line":14},"1":{"loc":{"start":{"line":41,"column":4},"end":{"line":41,"column":null}},"type":"if","locations":[{"start":{"line":41,"column":4},"end":{"line":41,"column":null}},{"start":{},"end":{}}],"line":41},"2":{"loc":{"start":{"line":8,"column":13},"end":{"line":8,"column":29}},"type":"binary-expr","locations":[{"start":{"line":8,"column":13},"end":{"line":8,"column":29}},{"start":{"line":8,"column":13},"end":{"line":8,"column":29}}],"line":8},"3":{"loc":{"start":{"line":8,"column":13},"end":{"line":7,"column":null}},"type":"binary-expr","locations":[{"start":{"line":8,"column":13},"end":{"line":8,"column":29}},{"start":{"line":8,"column":13},"end":{"line":8,"column":29}},{"start":{"line":8,"column":13},"end":{"line":7,"column":null}}],"line":8}},"s":{"0":3,"1":8,"2":3,"3":8,"4":8,"5":8,"6":6,"7":6,"8":6,"9":6,"10":6,"11":6,"12":1,"13":1,"14":6,"15":3,"16":2,"17":1,"18":2,"19":2,"20":8,"21":3},"f":{"0":8,"1":6,"2":6,"3":1,"4":3,"5":2},"b":{"0":[0,8],"1":[2,1],"2":[8,8],"3":[3,3,3]},"meta":{"lastBranch":4,"lastFunction":6,"lastStatement":22,"seen":{"s:8:6:6:Infinity":0,"s:11:22:11:Infinity":1,"s:8:13:6:Infinity":2,"f:13:2:13:22":0,"s:13:22:13:46":3,"s:14:23:14:Infinity":4,"b:14:63:14:71:14:71:14:Infinity":0,"s:15:4:18:Infinity":5,"f:21:2:21:10":1,"s:22:4:23:Infinity":6,"s:26:4:35:Infinity":7,"f:26:28:26:33":2,"s:27:6:27:Infinity":8,"s:28:6:28:Infinity":9,"s:29:6:29:Infinity":10,"s:31:6:34:Infinity":11,"f:31:62:31:72":3,"s:32:21:32:Infinity":12,"s:33:8:33:Infinity":13,"s:37:4:37:Infinity":14,"f:40:2:40:7":4,"b:41:4:41:Infinity:undefined:undefined:undefined:undefined":1,"s:41:4:41:Infinity":15,"s:41:25:41:Infinity":16,"s:43:4:46:Infinity":17,"f:49:2:49:12":5,"s:50:4:50:Infinity":18,"s:51:4:51:Infinity":19,"s:8:13:8:Infinity":20,"b:8:13:8:29:8:13:8:29":2,"s:8:13:7:Infinity":21,"b:8:13:8:29:8:13:8:29:8:13:7:Infinity":3}}}
}
